{
  "stats": {
    "suites": 20,
    "tests": 34,
    "passes": 34,
    "pending": 0,
    "failures": 0,
    "start": "2023-02-20T10:46:29.495Z",
    "end": "2023-02-20T10:47:33.274Z",
    "duration": 36015,
    "testsRegistered": 34,
    "passPercent": 100,
    "pendingPercent": 0,
    "other": 0,
    "hasOther": false,
    "skipped": 0,
    "hasSkipped": false
  },
  "results": [
    {
      "uuid": "5c9f9317-6c16-4104-bf13-e9cf2f9db2db",
      "title": "",
      "fullFile": "cypress\\e2e\\automation-test-store\\alias-invoke.js",
      "file": "cypress\\e2e\\automation-test-store\\alias-invoke.js",
      "beforeHooks": [],
      "afterHooks": [],
      "tests": [],
      "suites": [
        {
          "uuid": "8e36aafd-abca-4496-9742-c2dfd2e7d363",
          "title": "Alias and invoke",
          "fullFile": "",
          "file": "",
          "beforeHooks": [],
          "afterHooks": [],
          "tests": [
            {
              "title": "Validate a specific hair care product",
              "fullTitle": "Alias and invoke Validate a specific hair care product",
              "timedOut": null,
              "duration": 1470,
              "state": "passed",
              "speed": "fast",
              "pass": true,
              "fail": false,
              "pending": false,
              "context": null,
              "code": "cy.get(\"a[href*='product/category&path=']\").contains('Hair Care').click();\ncy.get(\".fixed_wrapper .prdocutname\").eq(0).invoke('text').as('productThumbnail');\ncy.get('@productThumbnail').its('length').should('be.greaterThan', 5);\ncy.get('@productThumbnail').should('include', 'Seaweed Conditioner');",
              "err": {},
              "uuid": "68d0cf3b-a13d-4b28-a612-9a6102acc596",
              "parentUUID": "8e36aafd-abca-4496-9742-c2dfd2e7d363",
              "isHook": false,
              "skipped": false
            },
            {
              "title": "Validate home page products",
              "fullTitle": "Alias and invoke Validate home page products",
              "timedOut": null,
              "duration": 238,
              "state": "passed",
              "speed": "fast",
              "pass": true,
              "fail": false,
              "pending": false,
              "context": null,
              "code": "cy.get('.thumbnail').as('productThumbnail');\ncy.get('@productThumbnail').should('have.length', 16);\ncy.get('@productThumbnail').find('.productcart').invoke('attr', 'title').should('include', 'Add to Cart');",
              "err": {},
              "uuid": "6f1ada10-de4f-4aa9-9ca4-d22a4effbb17",
              "parentUUID": "8e36aafd-abca-4496-9742-c2dfd2e7d363",
              "isHook": false,
              "skipped": false
            },
            {
              "title": "Calculate total of normal and sale products",
              "fullTitle": "Alias and invoke Calculate total of normal and sale products",
              "timedOut": null,
              "duration": 282,
              "state": "passed",
              "speed": "fast",
              "pass": true,
              "fail": false,
              "pending": false,
              "context": null,
              "code": "// cy.get('.thumbnail').as('productThumbnail');\n// cy.get('@productThumbnail').find('.oneprice').each((el, index) => {\n//     cy.log(el.text());\n// })\ncy.get('.thumbnail').find('.oneprice').invoke('text').as('itemPrice');\ncy.get('.thumbnail').find('.pricenew').invoke('text').as('saleItemPrice');\nvar itemPriceTotal = 0;\ncy.get('@itemPrice').then($linkText => {\n  var itemPrice = $linkText.split('$');\n  var i;\n  for (i = 0; i < itemPrice.length; i++) {\n    cy.log(itemPrice[i]);\n    itemPriceTotal = Number(itemPrice[i]) + Number(itemPriceTotal);\n  }\n  cy.log(\"Non sale items total: \" + itemPriceTotal);\n});\nvar onSaleTotal = 0;\nvar totalValue = 0;\ncy.get('@saleItemPrice').then($linkText => {\n  var saleItemPrice = $linkText.split('$');\n  var i;\n  for (i = 0; i < saleItemPrice.length; i++) {\n    cy.log(saleItemPrice[i]);\n    onSaleTotal += Number(saleItemPrice[i]);\n  }\n  cy.log(\"On sale items total: \" + onSaleTotal);\n}).then(() => {\n  totalValue = Number(onSaleTotal) + Number(itemPriceTotal);\n  cy.log(\"Total value = \" + totalValue);\n  expect(totalValue).to.equal(669);\n});",
              "err": {},
              "uuid": "db97dfb9-3c23-4ee4-b2fe-c78a5e6c8e31",
              "parentUUID": "8e36aafd-abca-4496-9742-c2dfd2e7d363",
              "isHook": false,
              "skipped": false
            }
          ],
          "suites": [],
          "passes": [
            "68d0cf3b-a13d-4b28-a612-9a6102acc596",
            "6f1ada10-de4f-4aa9-9ca4-d22a4effbb17",
            "db97dfb9-3c23-4ee4-b2fe-c78a5e6c8e31"
          ],
          "failures": [],
          "pending": [],
          "skipped": [],
          "duration": 1990,
          "root": false,
          "rootEmpty": false,
          "_timeout": 2000
        }
      ],
      "passes": [],
      "failures": [],
      "pending": [],
      "skipped": [],
      "duration": 0,
      "root": true,
      "rootEmpty": true,
      "_timeout": 2000
    },
    {
      "uuid": "3c500035-2e67-4770-98ed-b647cbf05076",
      "title": "",
      "fullFile": "cypress\\e2e\\automation-test-store\\contact-us.js",
      "file": "cypress\\e2e\\automation-test-store\\contact-us.js",
      "beforeHooks": [],
      "afterHooks": [],
      "tests": [],
      "suites": [
        {
          "uuid": "36911422-1dc0-4b61-85cd-d2dc49cc1940",
          "title": "Test Contact Us form via Automation test store",
          "fullFile": "",
          "file": "",
          "beforeHooks": [],
          "afterHooks": [],
          "tests": [
            {
              "title": "Should be able to submit a successful submission via contact us form",
              "fullTitle": "Test Contact Us form via Automation test store Should be able to submit a successful submission via contact us form",
              "timedOut": null,
              "duration": 2826,
              "state": "passed",
              "speed": "fast",
              "pass": true,
              "fail": false,
              "pending": false,
              "context": null,
              "code": "cy.visit('https://automationteststore.com/');\n// cy.get('.info_links_footer > :nth-child(5) > a').should('be.visible').click();\n//  cy.xpath(\"//a[contains(@href,'contact')]\").should('be.visible').click();\ncy.get(\"a[href$='contact']\").should('be.visible').click().then(function (ElementName) {\n  cy.log(\"Element name is:\" + ElementName.text());\n});\ncy.get('@user').then(user => {\n  cy.get('#ContactUsFrm_first_name').should('be.visible').type(user.first_name);\n  cy.get('#ContactUsFrm_email').should('be.visible').type(user.email);\n});\ncy.get('#ContactUsFrm_email').should('have.attr', 'name', 'email');\ncy.get('#ContactUsFrm_enquiry').should('be.visible').type('Learning Cypress');\n//cy.get('.col-md-6 > .btn').should('be.visible').click();\ncy.get(\"button[title='Submit']\").should('be.visible').click();\ncy.get('.mb40 > :nth-child(3)').should('have.text', 'Your enquiry has been successfully sent to the store owner!');\ncy.log(\"Test has completed!\");",
              "err": {},
              "uuid": "07d0db21-9a92-489c-b763-ff48c28f0869",
              "parentUUID": "36911422-1dc0-4b61-85cd-d2dc49cc1940",
              "isHook": false,
              "skipped": false
            }
          ],
          "suites": [],
          "passes": [
            "07d0db21-9a92-489c-b763-ff48c28f0869"
          ],
          "failures": [],
          "pending": [],
          "skipped": [],
          "duration": 2826,
          "root": false,
          "rootEmpty": false,
          "_timeout": 2000
        }
      ],
      "passes": [],
      "failures": [],
      "pending": [],
      "skipped": [],
      "duration": 0,
      "root": true,
      "rootEmpty": true,
      "_timeout": 2000
    },
    {
      "uuid": "a3034637-3fc3-4ae6-8dee-0347ff8ed54d",
      "title": "",
      "fullFile": "cypress\\e2e\\automation-test-store\\inspect-item.js",
      "file": "cypress\\e2e\\automation-test-store\\inspect-item.js",
      "beforeHooks": [],
      "afterHooks": [],
      "tests": [],
      "suites": [
        {
          "uuid": "4fa8ffa1-3e26-4893-8c1f-5baaaa16ba46",
          "title": "Inspect Automation Test Store items using chain of commands",
          "fullFile": "",
          "file": "",
          "beforeHooks": [],
          "afterHooks": [],
          "tests": [
            {
              "title": "Click on the first item using item text",
              "fullTitle": "Inspect Automation Test Store items using chain of commands Click on the first item using item text",
              "timedOut": null,
              "duration": 1400,
              "state": "passed",
              "speed": "fast",
              "pass": true,
              "fail": false,
              "pending": false,
              "context": null,
              "code": "cy.visit('https://automationteststore.com');\ncy.get('.prdocutname').contains('Skinsheen Bronzer Stick').click().then(itemHeaderText => {\n  console.log('Selected the following item: ' + itemHeaderText.text());\n});",
              "err": {},
              "uuid": "53ffaa1d-3e2f-4102-b2de-702c32c53aee",
              "parentUUID": "4fa8ffa1-3e26-4893-8c1f-5baaaa16ba46",
              "isHook": false,
              "skipped": false
            }
          ],
          "suites": [],
          "passes": [
            "53ffaa1d-3e2f-4102-b2de-702c32c53aee"
          ],
          "failures": [],
          "pending": [],
          "skipped": [],
          "duration": 1400,
          "root": false,
          "rootEmpty": false,
          "_timeout": 2000
        }
      ],
      "passes": [],
      "failures": [],
      "pending": [],
      "skipped": [],
      "duration": 0,
      "root": true,
      "rootEmpty": true,
      "_timeout": 2000
    },
    {
      "uuid": "12afbc69-e932-4787-8a0d-be8353224c86",
      "title": "",
      "fullFile": "cypress\\e2e\\automation-test-store\\iterate-over-elements.js",
      "file": "cypress\\e2e\\automation-test-store\\iterate-over-elements.js",
      "beforeHooks": [],
      "afterHooks": [],
      "tests": [],
      "suites": [
        {
          "uuid": "68689020-1948-4cf5-ad47-03952e5b7954",
          "title": "Iterate over elements",
          "fullFile": "",
          "file": "",
          "beforeHooks": [],
          "afterHooks": [],
          "tests": [
            {
              "title": "Log information of all hair care products",
              "fullTitle": "Iterate over elements Log information of all hair care products",
              "timedOut": null,
              "duration": 1504,
              "state": "passed",
              "speed": "fast",
              "pass": true,
              "fail": false,
              "pending": false,
              "context": null,
              "code": "cy.get(\".fixed_wrapper .prdocutname\").each(($el, index, $list) => {\n  cy.log('index: ' + index + \" : \" + $el.text());\n});",
              "err": {},
              "uuid": "0e317748-4a65-403e-8f25-a9012fc5a615",
              "parentUUID": "68689020-1948-4cf5-ad47-03952e5b7954",
              "isHook": false,
              "skipped": false
            },
            {
              "title": "Add specific product to basket",
              "fullTitle": "Iterate over elements Add specific product to basket",
              "timedOut": null,
              "duration": 1022,
              "state": "passed",
              "speed": "fast",
              "pass": true,
              "fail": false,
              "pending": false,
              "context": null,
              "code": "// cy.get(\".fixed_wrapper .prdocutname\").each(($el, index, $list) => {\n//\n//     if($el.text().includes('Curls to straight Shampoo')) {\n//\n//         cy.wrap($el).click();\n//\n//     };\n//\n// })\ncy.selectProduct('Curls to straight Shampoo');",
              "err": {},
              "uuid": "8c6a74eb-b847-404a-a99d-4345b25d32e7",
              "parentUUID": "68689020-1948-4cf5-ad47-03952e5b7954",
              "isHook": false,
              "skipped": false
            },
            {
              "title": "Add another specific product to basket",
              "fullTitle": "Iterate over elements Add another specific product to basket",
              "timedOut": null,
              "duration": 873,
              "state": "passed",
              "speed": "fast",
              "pass": true,
              "fail": false,
              "pending": false,
              "context": null,
              "code": "cy.selectProduct('Seaweed Conditioner');",
              "err": {},
              "uuid": "4ba59832-f2ba-4bc0-90f8-f6f3615fc30b",
              "parentUUID": "68689020-1948-4cf5-ad47-03952e5b7954",
              "isHook": false,
              "skipped": false
            },
            {
              "title": "Add another.2 specific product to basket",
              "fullTitle": "Iterate over elements Add another.2 specific product to basket",
              "timedOut": null,
              "duration": 939,
              "state": "passed",
              "speed": "fast",
              "pass": true,
              "fail": false,
              "pending": false,
              "context": null,
              "code": "cy.selectProduct('Eau Parfumee au The Vert Shampoo');",
              "err": {},
              "uuid": "0b51f15c-c090-42bc-82c6-123f0b72fd8b",
              "parentUUID": "68689020-1948-4cf5-ad47-03952e5b7954",
              "isHook": false,
              "skipped": false
            }
          ],
          "suites": [],
          "passes": [
            "0e317748-4a65-403e-8f25-a9012fc5a615",
            "8c6a74eb-b847-404a-a99d-4345b25d32e7",
            "4ba59832-f2ba-4bc0-90f8-f6f3615fc30b",
            "0b51f15c-c090-42bc-82c6-123f0b72fd8b"
          ],
          "failures": [],
          "pending": [],
          "skipped": [],
          "duration": 4338,
          "root": false,
          "rootEmpty": false,
          "_timeout": 2000
        }
      ],
      "passes": [],
      "failures": [],
      "pending": [],
      "skipped": [],
      "duration": 0,
      "root": true,
      "rootEmpty": true,
      "_timeout": 2000
    },
    {
      "uuid": "891cff90-e6c2-4d97-9523-174bbb6941b0",
      "title": "",
      "fullFile": "cypress\\e2e\\automation-test-store\\variables-and-cy-commands.js",
      "file": "cypress\\e2e\\automation-test-store\\variables-and-cy-commands.js",
      "beforeHooks": [],
      "afterHooks": [],
      "tests": [],
      "suites": [
        {
          "uuid": "44acbb60-78d6-41b9-bedb-26266b634af3",
          "title": "Verifying variables, cypress commands and jquery commands",
          "fullFile": "",
          "file": "",
          "beforeHooks": [],
          "afterHooks": [],
          "tests": [
            {
              "title": "Validate properties of the Contact Us page",
              "fullTitle": "Verifying variables, cypress commands and jquery commands Validate properties of the Contact Us page",
              "timedOut": null,
              "duration": 1542,
              "state": "passed",
              "speed": "fast",
              "pass": true,
              "fail": false,
              "pending": false,
              "context": null,
              "code": "cy.get(\"a[href$='contact']\").should('be.visible').click();\n//Uses cypress commands and chaining\ncy.contains('#ContactUsFrm', 'Contact Us Form').find('#field_11').should('contain', 'First name');\n//JQuery Approach\ncy.contains('#ContactUsFrm', 'Contact Us Form').then(text => {\n  const FirstNameText = text.find('#field_11').text();\n  expect(FirstNameText).to.contain('First name');\n  //Embedded commands (Closure)\n  cy.get('#field_11').then(fnText => {\n    cy.log(fnText.text());\n    cy.log(fnText);\n  });\n});",
              "err": {},
              "uuid": "1751374f-525c-4901-bd23-43dda4854a9c",
              "parentUUID": "44acbb60-78d6-41b9-bedb-26266b634af3",
              "isHook": false,
              "skipped": false
            }
          ],
          "suites": [],
          "passes": [
            "1751374f-525c-4901-bd23-43dda4854a9c"
          ],
          "failures": [],
          "pending": [],
          "skipped": [],
          "duration": 1542,
          "root": false,
          "rootEmpty": false,
          "_timeout": 2000
        }
      ],
      "passes": [],
      "failures": [],
      "pending": [],
      "skipped": [],
      "duration": 0,
      "root": true,
      "rootEmpty": true,
      "_timeout": 2000
    },
    {
      "uuid": "298bc372-f115-43e2-ba62-47774400ab6e",
      "title": "",
      "fullFile": "cypress\\e2e\\webdriver-uni\\autocomplete-dropdown-list.js",
      "file": "cypress\\e2e\\webdriver-uni\\autocomplete-dropdown-list.js",
      "beforeHooks": [],
      "afterHooks": [],
      "tests": [],
      "suites": [
        {
          "uuid": "10fc2603-3080-4fb3-8fb2-86b46a456ad9",
          "title": "Verify Autocomplete dropdown lists via webdriveruni",
          "fullFile": "",
          "file": "",
          "beforeHooks": [],
          "afterHooks": [],
          "tests": [
            {
              "title": "Select specific product via autocomplete list",
              "fullTitle": "Verify Autocomplete dropdown lists via webdriveruni Select specific product via autocomplete list",
              "timedOut": null,
              "duration": 2144,
              "state": "passed",
              "speed": "fast",
              "pass": true,
              "fail": false,
              "pending": false,
              "context": null,
              "code": "cy.visit('www.webdriveruniversity.com');\ncy.get('#autocomplete-textfield').should('be.visible').invoke('removeAttr', 'target').click({\n  force: true\n});\ncy.get('#myInput').type('A');\ncy.get('#myInputautocomplete-list > *').each(($el, index, list) => {\n  const prod = $el.text();\n  const prodToSelect = 'Avacado';\n  if (prod === prodToSelect) {\n    cy.wrap($el).click();\n    cy.get('#submit-button').click();\n    cy.url().should('include', prodToSelect);\n  }\n}).then(() => {\n  cy.get('#myInput').type('G');\n  cy.get('#myInputautocomplete-list > *').each(el => {\n    const prod = \"Grapes\";\n    if (el.text() === prod) {\n      //el.click();\n      el.trigger('click');\n      cy.get('#submit-button').click();\n      cy.url().should('include', prod);\n    }\n  });\n});",
              "err": {},
              "uuid": "04152269-3d57-4e10-8ddb-88a014a65855",
              "parentUUID": "10fc2603-3080-4fb3-8fb2-86b46a456ad9",
              "isHook": false,
              "skipped": false
            }
          ],
          "suites": [],
          "passes": [
            "04152269-3d57-4e10-8ddb-88a014a65855"
          ],
          "failures": [],
          "pending": [],
          "skipped": [],
          "duration": 2144,
          "root": false,
          "rootEmpty": false,
          "_timeout": 2000
        }
      ],
      "passes": [],
      "failures": [],
      "pending": [],
      "skipped": [],
      "duration": 0,
      "root": true,
      "rootEmpty": true,
      "_timeout": 2000
    },
    {
      "uuid": "6a7ff9ed-7b9c-4ad6-b873-9148cfd514d7",
      "title": "",
      "fullFile": "cypress\\e2e\\webdriver-uni\\browser-navigation.js",
      "file": "cypress\\e2e\\webdriver-uni\\browser-navigation.js",
      "beforeHooks": [],
      "afterHooks": [],
      "tests": [],
      "suites": [
        {
          "uuid": "10138f62-9727-4163-8f31-d56c64c46597",
          "title": "Validate webriveruni homepage links",
          "fullFile": "",
          "file": "",
          "beforeHooks": [],
          "afterHooks": [],
          "tests": [
            {
              "title": "Confirm links redirect to the correct pages",
              "fullTitle": "Validate webriveruni homepage links Confirm links redirect to the correct pages",
              "timedOut": null,
              "duration": 3633,
              "state": "passed",
              "speed": "fast",
              "pass": true,
              "fail": false,
              "pending": false,
              "context": null,
              "code": "cy.visit('http://www.webdriveruniversity.com/');\ncy.get('#contact-us').should('be.visible').invoke('removeAttr', 'target').click();\ncy.url().should('include', 'contactus');\ncy.go('back');\ncy.url().should('include', 'http://www.webdriveruniversity.com/');\ncy.reload();\n// cy.reload(true); //reload without using cache\ncy.go('forward');\ncy.url().should('include', 'contactus');\ncy.go('back');\ncy.get('#login-portal').should('be.visible').invoke('removeAttr', 'target').click({\n  force: true\n});\ncy.url().should('include', 'Login-Portal');\ncy.go('back');\ncy.get('#to-do-list').should('be.visible').invoke('removeAttr', 'target').click({\n  force: true\n});\ncy.url().should('include', 'To-Do-List');\ncy.go('back');",
              "err": {},
              "uuid": "5ff8d8d7-9f20-4e78-85df-d5f64360ec6d",
              "parentUUID": "10138f62-9727-4163-8f31-d56c64c46597",
              "isHook": false,
              "skipped": false
            }
          ],
          "suites": [],
          "passes": [
            "5ff8d8d7-9f20-4e78-85df-d5f64360ec6d"
          ],
          "failures": [],
          "pending": [],
          "skipped": [],
          "duration": 3633,
          "root": false,
          "rootEmpty": false,
          "_timeout": 2000
        }
      ],
      "passes": [],
      "failures": [],
      "pending": [],
      "skipped": [],
      "duration": 0,
      "root": true,
      "rootEmpty": true,
      "_timeout": 2000
    },
    {
      "uuid": "7acda922-b7b7-43e1-8c37-30b27b5ae20b",
      "title": "",
      "fullFile": "cypress\\e2e\\webdriver-uni\\checkboxes.js",
      "file": "cypress\\e2e\\webdriver-uni\\checkboxes.js",
      "beforeHooks": [],
      "afterHooks": [],
      "tests": [],
      "suites": [
        {
          "uuid": "b286f40c-59ba-4114-b542-8c741cdd0a9a",
          "title": "Verify checkboxes via webdriveruni",
          "fullFile": "",
          "file": "",
          "beforeHooks": [],
          "afterHooks": [],
          "tests": [
            {
              "title": "Check and validate checkboxes",
              "fullTitle": "Verify checkboxes via webdriveruni Check and validate checkboxes",
              "timedOut": null,
              "duration": 748,
              "state": "passed",
              "speed": "fast",
              "pass": true,
              "fail": false,
              "pending": false,
              "context": null,
              "code": "//cy.get('#checkboxes > :nth-child(1) > input').check().should('be.checked');cy\ncy.get('#checkboxes > :nth-child(1) > input').as('option-1');\ncy.get('@option-1').check().should('be.checked');",
              "err": {},
              "uuid": "14b21f5d-9f20-41e7-b01b-47499a269ce1",
              "parentUUID": "b286f40c-59ba-4114-b542-8c741cdd0a9a",
              "isHook": false,
              "skipped": false
            },
            {
              "title": "Uncheck and validate checkboxes",
              "fullTitle": "Verify checkboxes via webdriveruni Uncheck and validate checkboxes",
              "timedOut": null,
              "duration": 170,
              "state": "passed",
              "speed": "fast",
              "pass": true,
              "fail": false,
              "pending": false,
              "context": null,
              "code": "cy.get('#checkboxes > :nth-child(5) > input').as('option-3');\ncy.get('@option-3').uncheck().should('not.be.checked');",
              "err": {},
              "uuid": "aa1433ad-8686-4f4c-b641-a109b302330e",
              "parentUUID": "b286f40c-59ba-4114-b542-8c741cdd0a9a",
              "isHook": false,
              "skipped": false
            },
            {
              "title": "Check multiple checkboxes",
              "fullTitle": "Verify checkboxes via webdriveruni Check multiple checkboxes",
              "timedOut": null,
              "duration": 308,
              "state": "passed",
              "speed": "fast",
              "pass": true,
              "fail": false,
              "pending": false,
              "context": null,
              "code": "//cy.get('[type=\"checkbox\"]').check(['option-1','option-2','option-3','option-4']).should('be.checked');\ncy.get('[type=\"checkbox\"]').each(element => {\n  cy.wrap(element).check().should('be.checked');\n});",
              "err": {},
              "uuid": "cbd63c7b-497c-45ed-a652-143fc949601d",
              "parentUUID": "b286f40c-59ba-4114-b542-8c741cdd0a9a",
              "isHook": false,
              "skipped": false
            }
          ],
          "suites": [],
          "passes": [
            "14b21f5d-9f20-41e7-b01b-47499a269ce1",
            "aa1433ad-8686-4f4c-b641-a109b302330e",
            "cbd63c7b-497c-45ed-a652-143fc949601d"
          ],
          "failures": [],
          "pending": [],
          "skipped": [],
          "duration": 1226,
          "root": false,
          "rootEmpty": false,
          "_timeout": 2000
        }
      ],
      "passes": [],
      "failures": [],
      "pending": [],
      "skipped": [],
      "duration": 0,
      "root": true,
      "rootEmpty": true,
      "_timeout": 2000
    },
    {
      "uuid": "7cdec0ce-c9e5-4acf-88c6-a48e5c6de390",
      "title": "",
      "fullFile": "cypress\\e2e\\webdriver-uni\\contact-us.js",
      "file": "cypress\\e2e\\webdriver-uni\\contact-us.js",
      "beforeHooks": [],
      "afterHooks": [],
      "tests": [],
      "suites": [
        {
          "uuid": "1d975461-0680-4018-b8ad-e64b2d44265a",
          "title": "Test Contact Us form via WebdriveUni",
          "fullFile": "",
          "file": "",
          "beforeHooks": [],
          "afterHooks": [],
          "tests": [
            {
              "title": "Should be able to submit a successful submission via contact us form",
              "fullTitle": "Test Contact Us form via WebdriveUni Should be able to submit a successful submission via contact us form",
              "timedOut": null,
              "duration": 1805,
              "state": "passed",
              "speed": "fast",
              "pass": true,
              "fail": false,
              "pending": false,
              "context": null,
              "code": "cy.url().should('contain', 'contactus');\ncy.title().should('include', 'WebDriver | Contact Us');\n// cy.document().should('have.property', 'charset').and('eq','UTF-8');\ncy.document().should('have.property', 'charset', 'UTF-8');\ncontact_Us_PO.contactForm_Submission(Cypress.env('first_name'), data.last_name, data.email, 'LALALALALA', 'h1', 'Thank You for your Message!');\n//cy.webdriverUni_ContactForm_Submission(data.first_name,data.last_name,data.email,'LALALALALA','h1','Thank You for your Message!')\n// cy.get('[name=\"first_name\"]').should('be.visible').type(data.first_name);\n// cy.get('[name=\"last_name\"]').should('be.visible').type(data.last_name);\n// cy.get('[name=\"email\"]').should('be.visible').type(data.email, {delay: 0});\n// cy.get('[placeholder=\"Comments\"]').should('be.visible').type('Lalalala')\n//\n// cy.get('[type=\"submit\"]').should('be.visible').click();\n// // cy.contains('Thank You for your Message!').should('be.visible');\n// // cy.xpath('//div[h1]').should('contain.text','Thank You for your Message!')\n// cy.get('h1').should('have.text', 'Thank You for your Message!')",
              "err": {},
              "uuid": "087650da-9911-4175-aa70-0c3c3be6418a",
              "parentUUID": "1d975461-0680-4018-b8ad-e64b2d44265a",
              "isHook": false,
              "skipped": false
            },
            {
              "title": "Should not be able to submit a successful submission via contact us form as all fields are required",
              "fullTitle": "Test Contact Us form via WebdriveUni Should not be able to submit a successful submission via contact us form as all fields are required",
              "timedOut": null,
              "duration": 1119,
              "state": "passed",
              "speed": "fast",
              "pass": true,
              "fail": false,
              "pending": false,
              "context": null,
              "code": "contact_Us_PO.contactForm_Submission(data.first_name, data.last_name, ' ', 'LALALALALA', 'body', 'Error: Invalid email address');\n//cy.webdriverUni_ContactForm_Submission(data.first_name,data.last_name,' ','LALALALALA','body','Error: Invalid email address')\n// cy.get('[name=\"first_name\"]').should('be.visible').type(data.first_name);\n// cy.get('[type=\"submit\"]').should('be.visible').click();\n// cy.get('body').contains('Error: all fields are required');\n// //cy.xpath('//body[br]').should('contain', 'Error: all fields are required');",
              "err": {},
              "uuid": "875d7a37-6d05-4f7b-9f94-c56fac571610",
              "parentUUID": "1d975461-0680-4018-b8ad-e64b2d44265a",
              "isHook": false,
              "skipped": false
            }
          ],
          "suites": [],
          "passes": [
            "087650da-9911-4175-aa70-0c3c3be6418a",
            "875d7a37-6d05-4f7b-9f94-c56fac571610"
          ],
          "failures": [],
          "pending": [],
          "skipped": [],
          "duration": 2924,
          "root": false,
          "rootEmpty": false,
          "_timeout": 2000
        }
      ],
      "passes": [],
      "failures": [],
      "pending": [],
      "skipped": [],
      "duration": 0,
      "root": true,
      "rootEmpty": true,
      "_timeout": 2000
    },
    {
      "uuid": "c07d5b7f-70c7-4a45-b55f-76ce92d969e9",
      "title": "",
      "fullFile": "cypress\\e2e\\webdriver-uni\\data-tables.js",
      "file": "cypress\\e2e\\webdriver-uni\\data-tables.js",
      "beforeHooks": [],
      "afterHooks": [],
      "tests": [],
      "suites": [
        {
          "uuid": "4eb8ce7f-25ad-49ef-a60d-6930b3e81df0",
          "title": "Handling data via webdriveruni",
          "fullFile": "",
          "file": "",
          "beforeHooks": [],
          "afterHooks": [],
          "tests": [
            {
              "title": "Calculate and assert the age of a given user based on last name",
              "fullTitle": "Handling data via webdriveruni Calculate and assert the age of a given user based on last name",
              "timedOut": null,
              "duration": 777,
              "state": "passed",
              "speed": "fast",
              "pass": true,
              "fail": false,
              "pending": false,
              "context": null,
              "code": "cy.get('#thumbnail-1 tr td:nth-child(2)').each((el, index) => {\n  const text = el.text();\n  if (text.includes(\"Woods\")) {\n    //cy.get('#thumbnail-1 tr td:nth-child(2)').eq(index).next().should('contain.text','80')\n    cy.get('#thumbnail-1 tr td:nth-child(2)').eq(index).next().then(age => {\n      const userAge = age.text();\n      expect(userAge).to.equal('80');\n    });\n  }\n});",
              "err": {},
              "uuid": "311b9baa-f32a-453a-876c-800bd6952869",
              "parentUUID": "4eb8ce7f-25ad-49ef-a60d-6930b3e81df0",
              "isHook": false,
              "skipped": false
            }
          ],
          "suites": [],
          "passes": [
            "311b9baa-f32a-453a-876c-800bd6952869"
          ],
          "failures": [],
          "pending": [],
          "skipped": [],
          "duration": 777,
          "root": false,
          "rootEmpty": false,
          "_timeout": 2000
        }
      ],
      "passes": [],
      "failures": [],
      "pending": [],
      "skipped": [],
      "duration": 0,
      "root": true,
      "rootEmpty": true,
      "_timeout": 2000
    },
    {
      "uuid": "2418a3c1-072c-4948-ac7c-611b86ecd67b",
      "title": "",
      "fullFile": "cypress\\e2e\\webdriver-uni\\Datepicker.js",
      "file": "cypress\\e2e\\webdriver-uni\\Datepicker.js",
      "beforeHooks": [],
      "afterHooks": [],
      "tests": [],
      "suites": [
        {
          "uuid": "fd19175c-9610-4562-ac30-5d2498933300",
          "title": "Test Datepicker via webdriveruni",
          "fullFile": "",
          "file": "",
          "beforeHooks": [],
          "afterHooks": [],
          "tests": [
            {
              "title": "Select date from the datepicker",
              "fullTitle": "Test Datepicker via webdriveruni Select date from the datepicker",
              "timedOut": null,
              "duration": 2692,
              "state": "passed",
              "speed": "fast",
              "pass": true,
              "fail": false,
              "pending": false,
              "context": null,
              "code": "cy.visit('www.webdriveruniversity.com');\ncy.get('#datepicker').should('be.visible').invoke('removeAttr', 'target').click({\n  force: true\n});\ncy.get('#datepicker').click();\n// let dates = new Date();\n// dates.setDate(dates.getDate()) //get current day\n// cy.log(dates.getDate())\n//\n// let date = new Date();\n// date.setDate(date.getDate() + 5)\n// cy.log(date.getDate())\nvar date = new Date();\ndate.setDate(date.getDate() + 444);\nvar futureYear = date.getFullYear();\nvar futureMonth = date.toLocaleString(\"default\", {\n  month: \"long\"\n});\nvar futureDay = date.getDate();\ncy.log(\"futureYear = \" + futureYear);\ncy.log(\"futureMonth = \" + futureMonth);\ncy.log(\"futureDay = \" + futureDay);\nfunction selectMonthAndYear() {\n  cy.get('.datepicker-dropdown').find('.datepicker-switch').first().then(currentDate => {\n    if (!currentDate.text().includes(futureYear)) {\n      cy.get('.next').first().click();\n      selectMonthAndYear();\n    }\n  }).then(() => {\n    cy.get('.datepicker-dropdown').find('.datepicker-switch').first().then(currentDate => {\n      if (!currentDate.text().includes(futureMonth)) {\n        cy.get('.next').first().click();\n        selectMonthAndYear();\n      }\n    });\n  });\n}\nfunction selectFutureDay() {\n  cy.get('[class=\"day\"]').contains(futureDay).click();\n}\nselectMonthAndYear();\nselectFutureDay();",
              "err": {},
              "uuid": "db6f7761-b3f3-421e-a601-766df7f6e562",
              "parentUUID": "fd19175c-9610-4562-ac30-5d2498933300",
              "isHook": false,
              "skipped": false
            }
          ],
          "suites": [],
          "passes": [
            "db6f7761-b3f3-421e-a601-766df7f6e562"
          ],
          "failures": [],
          "pending": [],
          "skipped": [],
          "duration": 2692,
          "root": false,
          "rootEmpty": false,
          "_timeout": 2000
        }
      ],
      "passes": [],
      "failures": [],
      "pending": [],
      "skipped": [],
      "duration": 0,
      "root": true,
      "rootEmpty": true,
      "_timeout": 2000
    },
    {
      "uuid": "83658b2a-cbcf-4767-b05d-11e4c2435ef3",
      "title": "",
      "fullFile": "cypress\\e2e\\webdriver-uni\\hooks.js",
      "file": "cypress\\e2e\\webdriver-uni\\hooks.js",
      "beforeHooks": [],
      "afterHooks": [],
      "tests": [],
      "suites": [
        {
          "uuid": "3db426b7-9ff3-4b5b-a77e-1d6c9a87dc64",
          "title": "Hooks",
          "fullFile": "",
          "file": "",
          "beforeHooks": [],
          "afterHooks": [],
          "tests": [
            {
              "title": "Example test1",
              "fullTitle": "Hooks Example test1",
              "timedOut": null,
              "duration": 8,
              "state": "passed",
              "speed": "fast",
              "pass": true,
              "fail": false,
              "pending": false,
              "context": null,
              "code": "cy.log('Example test1');",
              "err": {},
              "uuid": "66dab8b8-316f-462e-ada8-7d57fa3acb30",
              "parentUUID": "3db426b7-9ff3-4b5b-a77e-1d6c9a87dc64",
              "isHook": false,
              "skipped": false
            },
            {
              "title": "Example test2",
              "fullTitle": "Hooks Example test2",
              "timedOut": null,
              "duration": 3,
              "state": "passed",
              "speed": "fast",
              "pass": true,
              "fail": false,
              "pending": false,
              "context": null,
              "code": "cy.log('Example test2');",
              "err": {},
              "uuid": "3bb70413-0322-4dd9-b55c-1895cc789ece",
              "parentUUID": "3db426b7-9ff3-4b5b-a77e-1d6c9a87dc64",
              "isHook": false,
              "skipped": false
            }
          ],
          "suites": [],
          "passes": [
            "66dab8b8-316f-462e-ada8-7d57fa3acb30",
            "3bb70413-0322-4dd9-b55c-1895cc789ece"
          ],
          "failures": [],
          "pending": [],
          "skipped": [],
          "duration": 11,
          "root": false,
          "rootEmpty": false,
          "_timeout": 2000
        }
      ],
      "passes": [],
      "failures": [],
      "pending": [],
      "skipped": [],
      "duration": 0,
      "root": true,
      "rootEmpty": true,
      "_timeout": 2000
    },
    {
      "uuid": "09f04de3-24c9-46f3-9c4c-024892784fd9",
      "title": "",
      "fullFile": "cypress\\e2e\\webdriver-uni\\iframe.js",
      "file": "cypress\\e2e\\webdriver-uni\\iframe.js",
      "beforeHooks": [],
      "afterHooks": [],
      "tests": [],
      "suites": [
        {
          "uuid": "e2ba2119-0161-4839-addb-7af54ea96b40",
          "title": "Handling IFrame & Modals",
          "fullFile": "",
          "file": "",
          "beforeHooks": [],
          "afterHooks": [],
          "tests": [
            {
              "title": "Handle webdriveruni iframe and modal",
              "fullTitle": "Handling IFrame & Modals Handle webdriveruni iframe and modal",
              "timedOut": null,
              "duration": 1106,
              "state": "passed",
              "speed": "fast",
              "pass": true,
              "fail": false,
              "pending": false,
              "context": null,
              "code": "cy.visit('/');\ncy.get('#iframe').should('be.visible').invoke('removeAttr', 'target').click({\n  force: true\n});\ncy.get('#frame').then($iframe => {\n  const body = $iframe.contents().find('body');\n  cy.wrap(body).as('iframe');\n});\ncy.get('@iframe').find('#button-find-out-more').click();\n// cy.get('@iframe').find('#myModal').should('contain','Welcome to webdriveruniversity.com');\ncy.get('@iframe').find('#myModal').as('modal');\ncy.get('@modal').should($expectedText => {\n  const text = $expectedText.text();\n  expect(text).to.include('Welcome to webdriveruniversity.com');\n});\ncy.get('@modal').contains('Close').click();",
              "err": {},
              "uuid": "303b6152-2166-4d17-86f4-33ee15b48d72",
              "parentUUID": "e2ba2119-0161-4839-addb-7af54ea96b40",
              "isHook": false,
              "skipped": false
            }
          ],
          "suites": [],
          "passes": [
            "303b6152-2166-4d17-86f4-33ee15b48d72"
          ],
          "failures": [],
          "pending": [],
          "skipped": [],
          "duration": 1106,
          "root": false,
          "rootEmpty": false,
          "_timeout": 2000
        }
      ],
      "passes": [],
      "failures": [],
      "pending": [],
      "skipped": [],
      "duration": 0,
      "root": true,
      "rootEmpty": true,
      "_timeout": 2000
    },
    {
      "uuid": "8dc27d75-3d81-48be-9171-1df8e49e5909",
      "title": "",
      "fullFile": "cypress\\e2e\\webdriver-uni\\js-alerts.js",
      "file": "cypress\\e2e\\webdriver-uni\\js-alerts.js",
      "beforeHooks": [],
      "afterHooks": [],
      "tests": [],
      "suites": [
        {
          "uuid": "c326e032-e00d-4e55-b2e9-f29b9913140b",
          "title": "Handle js alerts",
          "fullFile": "",
          "file": "",
          "beforeHooks": [],
          "afterHooks": [],
          "tests": [
            {
              "title": "Confirm js alerts contains the correct text",
              "fullTitle": "Handle js alerts Confirm js alerts contains the correct text",
              "timedOut": null,
              "duration": 706,
              "state": "passed",
              "speed": "fast",
              "pass": true,
              "fail": false,
              "pending": false,
              "context": null,
              "code": "cy.visit('http://www.webdriveruniversity.com/');\ncy.get('#popup-alerts').should('be.visible').invoke('removeAttr', 'target').click();\ncy.url().should('include', 'Popup-Alerts');\ncy.get('#button1').click();\ncy.on('window:alert', msg => {\n  expect(msg).to.equal('I am an alert box!');\n});",
              "err": {},
              "uuid": "01b9f53b-ba9a-4d54-b778-8f6042776742",
              "parentUUID": "c326e032-e00d-4e55-b2e9-f29b9913140b",
              "isHook": false,
              "skipped": false
            },
            {
              "title": "Validate js confirm alert box works correctly when clicking ok",
              "fullTitle": "Handle js alerts Validate js confirm alert box works correctly when clicking ok",
              "timedOut": null,
              "duration": 294,
              "state": "passed",
              "speed": "fast",
              "pass": true,
              "fail": false,
              "pending": false,
              "context": null,
              "code": "cy.visit('http://www.webdriveruniversity.com/');\ncy.get('#popup-alerts').should('be.visible').invoke('removeAttr', 'target').click();\ncy.url().should('include', 'Popup-Alerts');\ncy.get('#button4').click();\ncy.on('window:confirm', () => {\n  return true;\n});\ncy.get('#confirm-alert-text').contains('You pressed OK!');",
              "err": {},
              "uuid": "9f5fddf4-69f6-4ddc-8851-4c3a93099aaf",
              "parentUUID": "c326e032-e00d-4e55-b2e9-f29b9913140b",
              "isHook": false,
              "skipped": false
            },
            {
              "title": "Validate js confirm alert box works correctly when clicking cancel",
              "fullTitle": "Handle js alerts Validate js confirm alert box works correctly when clicking cancel",
              "timedOut": null,
              "duration": 357,
              "state": "passed",
              "speed": "fast",
              "pass": true,
              "fail": false,
              "pending": false,
              "context": null,
              "code": "cy.visit('http://www.webdriveruniversity.com/');\ncy.get('#popup-alerts').should('be.visible').invoke('removeAttr', 'target').click();\ncy.url().should('include', 'Popup-Alerts');\ncy.reload();\ncy.get('#button4').click();\ncy.on('window:confirm', () => {\n  return false;\n});\ncy.get('#confirm-alert-text').contains('You pressed Cancel!');",
              "err": {},
              "uuid": "1ed0c292-1aea-46b1-b4dc-5bf06b72b299",
              "parentUUID": "c326e032-e00d-4e55-b2e9-f29b9913140b",
              "isHook": false,
              "skipped": false
            },
            {
              "title": "Validate js confirm alert box using a stub",
              "fullTitle": "Handle js alerts Validate js confirm alert box using a stub",
              "timedOut": null,
              "duration": 296,
              "state": "passed",
              "speed": "fast",
              "pass": true,
              "fail": false,
              "pending": false,
              "context": null,
              "code": "cy.visit('http://www.webdriveruniversity.com/');\ncy.get('#popup-alerts').should('be.visible').invoke('removeAttr', 'target').click();\ncy.url().should('include', 'Popup-Alerts');\nconst stub = cy.stub();\ncy.on(\"window:confirm\", stub);\n// cy.get('#button4').click().then(() => {\n//     expect(stub.getCall(0)).to.be.calledWith('Press a button!')\n// }).then(() => {\n//     return true;\n// }).then(() => {\n//     cy.get('#confirm-alert-text').contains('You pressed OK!');\n// });\ncy.get('#button4').click().then(() => {\n  expect(stub.getCall(0)).to.be.calledWith('Press a button!');\n}).then(() => {}).then(() => {\n  cy.get('#confirm-alert-text').contains('You pressed OK!');\n}); //NOT WORKING FOR SOME REASON",
              "err": {},
              "uuid": "1990c184-430f-4747-a351-66775993e812",
              "parentUUID": "c326e032-e00d-4e55-b2e9-f29b9913140b",
              "isHook": false,
              "skipped": false
            }
          ],
          "suites": [],
          "passes": [
            "01b9f53b-ba9a-4d54-b778-8f6042776742",
            "9f5fddf4-69f6-4ddc-8851-4c3a93099aaf",
            "1ed0c292-1aea-46b1-b4dc-5bf06b72b299",
            "1990c184-430f-4747-a351-66775993e812"
          ],
          "failures": [],
          "pending": [],
          "skipped": [],
          "duration": 1653,
          "root": false,
          "rootEmpty": false,
          "_timeout": 2000
        }
      ],
      "passes": [],
      "failures": [],
      "pending": [],
      "skipped": [],
      "duration": 0,
      "root": true,
      "rootEmpty": true,
      "_timeout": 2000
    },
    {
      "uuid": "9c3db89d-5e74-4cb2-9100-d3628d3662f2",
      "title": "",
      "fullFile": "cypress\\e2e\\webdriver-uni\\mouse-actions.js",
      "file": "cypress\\e2e\\webdriver-uni\\mouse-actions.js",
      "beforeHooks": [],
      "afterHooks": [],
      "tests": [],
      "suites": [
        {
          "uuid": "b13498df-b667-413f-b3e8-ddcc79cd1d7e",
          "title": "Test mouse actions",
          "fullFile": "",
          "file": "",
          "beforeHooks": [],
          "afterHooks": [],
          "tests": [
            {
              "title": "I should be able to perform a double mouse click",
              "fullTitle": "Test mouse actions I should be able to perform a double mouse click",
              "timedOut": null,
              "duration": 1024,
              "state": "passed",
              "speed": "fast",
              "pass": true,
              "fail": false,
              "pending": false,
              "context": null,
              "code": "cy.visit('www.webdriveruniversity.com');\ncy.get('#actions').scrollIntoView().should('be.visible').invoke('removeAttr', 'target').click({\n  force: true\n});\n// cy.get('#double-click').dblclick().then( elem => {\n//     cy.wrap(elem).should(\"class\",'div-double-click double')\n//})\ncy.get('#double-click').dblclick().should('have.attr', 'class', 'div-double-click double');\n// cy.get('#double-click').dblclick().then((element) => {\n//     expect(element).to.have.css('background-color', 'rgb(147, 203, 90)')\n// });",
              "err": {},
              "uuid": "db8089ff-6ef2-41fe-b976-29a19192682a",
              "parentUUID": "b13498df-b667-413f-b3e8-ddcc79cd1d7e",
              "isHook": false,
              "skipped": false
            }
          ],
          "suites": [],
          "passes": [
            "db8089ff-6ef2-41fe-b976-29a19192682a"
          ],
          "failures": [],
          "pending": [],
          "skipped": [],
          "duration": 1024,
          "root": false,
          "rootEmpty": false,
          "_timeout": 2000
        }
      ],
      "passes": [],
      "failures": [],
      "pending": [],
      "skipped": [],
      "duration": 0,
      "root": true,
      "rootEmpty": true,
      "_timeout": 2000
    },
    {
      "uuid": "c48884a4-5511-43cb-bcc8-4073a43147cc",
      "title": "",
      "fullFile": "cypress\\e2e\\webdriver-uni\\radio-buttons.js",
      "file": "cypress\\e2e\\webdriver-uni\\radio-buttons.js",
      "beforeHooks": [],
      "afterHooks": [],
      "tests": [],
      "suites": [
        {
          "uuid": "5e7c6617-63b2-4934-a736-911705fba9fd",
          "title": "Verify radio buttons via webdriveruni",
          "fullFile": "",
          "file": "",
          "beforeHooks": [],
          "afterHooks": [],
          "tests": [
            {
              "title": "Check specific radio buttons",
              "fullTitle": "Verify radio buttons via webdriveruni Check specific radio buttons",
              "timedOut": null,
              "duration": 834,
              "state": "passed",
              "speed": "fast",
              "pass": true,
              "fail": false,
              "pending": false,
              "context": null,
              "code": "cy.get('#radio-buttons').find(\"[type='radio']\").first().check();\ncy.get('#radio-buttons').find(\"[type='radio']\").eq(2).check();",
              "err": {},
              "uuid": "3a43f8fe-1cb5-4877-997e-1b6bc85569ad",
              "parentUUID": "5e7c6617-63b2-4934-a736-911705fba9fd",
              "isHook": false,
              "skipped": false
            },
            {
              "title": "Validate the states of specific buttons",
              "fullTitle": "Verify radio buttons via webdriveruni Validate the states of specific buttons",
              "timedOut": null,
              "duration": 93,
              "state": "passed",
              "speed": "fast",
              "pass": true,
              "fail": false,
              "pending": false,
              "context": null,
              "code": "cy.get(\"[value='lettuce']\").should('not.be.checked');\ncy.get(\"[value='pumpkin']\").should('be.checked');\ncy.get(\"[value='lettuce']\").check().should('be.checked');\ncy.get(\"[value='pumpkin']\").should('not.be.checked');\ncy.get(\"[value='cabbage']\").should('be.disabled');",
              "err": {},
              "uuid": "99a5a2fa-0112-4ae8-9367-8c55873beafc",
              "parentUUID": "5e7c6617-63b2-4934-a736-911705fba9fd",
              "isHook": false,
              "skipped": false
            }
          ],
          "suites": [],
          "passes": [
            "3a43f8fe-1cb5-4877-997e-1b6bc85569ad",
            "99a5a2fa-0112-4ae8-9367-8c55873beafc"
          ],
          "failures": [],
          "pending": [],
          "skipped": [],
          "duration": 927,
          "root": false,
          "rootEmpty": false,
          "_timeout": 2000
        }
      ],
      "passes": [],
      "failures": [],
      "pending": [],
      "skipped": [],
      "duration": 0,
      "root": true,
      "rootEmpty": true,
      "_timeout": 2000
    },
    {
      "uuid": "86c91a1c-71e4-4c41-9cf5-4d0ecd89e04d",
      "title": "",
      "fullFile": "cypress\\e2e\\webdriver-uni\\select-dropdown-list.js",
      "file": "cypress\\e2e\\webdriver-uni\\select-dropdown-list.js",
      "beforeHooks": [],
      "afterHooks": [],
      "tests": [],
      "suites": [
        {
          "uuid": "e50c9b5c-90f2-4e4b-ab8f-8808e576d489",
          "title": "Interact with dropdown lists via webdriveruni",
          "fullFile": "",
          "file": "",
          "beforeHooks": [],
          "afterHooks": [],
          "tests": [
            {
              "title": "Select specific values via select dropdown lists",
              "fullTitle": "Interact with dropdown lists via webdriveruni Select specific values via select dropdown lists",
              "timedOut": null,
              "duration": 1440,
              "state": "passed",
              "speed": "fast",
              "pass": true,
              "fail": false,
              "pending": false,
              "context": null,
              "code": "cy.visit('www.webdriveruniversity.com');\ncy.get('#dropdown-checkboxes-radiobuttons').should('be.visible').invoke('removeAttr', 'target').click({\n  force: true\n});\ncy.get('#dropdowm-menu-1').select('C#').should('contain.value', 'c');\ncy.get('#dropdowm-menu-2').select('testng').should('have.value', 'testng');\ncy.get('#dropdowm-menu-3').select('JQuery').contains('JQuery');\ncy.get('#dropdowm-menu-2').select('maven').should('contain.text', 'Maven');\ncy.get('#dropdowm-menu-2').select('TestNG').should('have.value', 'testng');",
              "err": {},
              "uuid": "f3f8e705-068d-4106-8f34-41ad728e8314",
              "parentUUID": "e50c9b5c-90f2-4e4b-ab8f-8808e576d489",
              "isHook": false,
              "skipped": false
            }
          ],
          "suites": [],
          "passes": [
            "f3f8e705-068d-4106-8f34-41ad728e8314"
          ],
          "failures": [],
          "pending": [],
          "skipped": [],
          "duration": 1440,
          "root": false,
          "rootEmpty": false,
          "_timeout": 2000
        }
      ],
      "passes": [],
      "failures": [],
      "pending": [],
      "skipped": [],
      "duration": 0,
      "root": true,
      "rootEmpty": true,
      "_timeout": 2000
    },
    {
      "uuid": "78fc9ccc-fa18-4555-9106-84e960693b4e",
      "title": "",
      "fullFile": "cypress\\e2e\\webdriver-uni\\traversing-elements.js",
      "file": "cypress\\e2e\\webdriver-uni\\traversing-elements.js",
      "beforeHooks": [],
      "afterHooks": [],
      "tests": [],
      "suites": [
        {
          "uuid": "a86f0ae8-0312-4c0c-99af-0a4026fefac4",
          "title": "Traversing DOM elements in Cypress",
          "fullFile": "",
          "file": "",
          "beforeHooks": [],
          "afterHooks": [],
          "tests": [
            {
              "title": "siblings() To get all sibling DOM elements of elements",
              "fullTitle": "Traversing DOM elements in Cypress siblings() To get all sibling DOM elements of elements",
              "timedOut": null,
              "duration": 706,
              "state": "passed",
              "speed": "fast",
              "pass": true,
              "fail": false,
              "pending": false,
              "context": null,
              "code": "cy.get('.btn-group-toggle > .active').siblings().should('have.length', 3);",
              "err": {},
              "uuid": "2ecc1bf8-5b85-4f1e-928b-2dee468ed79a",
              "parentUUID": "a86f0ae8-0312-4c0c-99af-0a4026fefac4",
              "isHook": false,
              "skipped": false
            }
          ],
          "suites": [],
          "passes": [
            "2ecc1bf8-5b85-4f1e-928b-2dee468ed79a"
          ],
          "failures": [],
          "pending": [],
          "skipped": [],
          "duration": 706,
          "root": false,
          "rootEmpty": false,
          "_timeout": 2000
        }
      ],
      "passes": [],
      "failures": [],
      "pending": [],
      "skipped": [],
      "duration": 0,
      "root": true,
      "rootEmpty": true,
      "_timeout": 2000
    },
    {
      "uuid": "bced6178-4fed-4f42-9403-1193650345b8",
      "title": "",
      "fullFile": "cypress\\e2e\\webdriver-uni\\upload.js",
      "file": "cypress\\e2e\\webdriver-uni\\upload.js",
      "beforeHooks": [],
      "afterHooks": [],
      "tests": [],
      "suites": [
        {
          "uuid": "19632081-ecb0-474f-9891-f93b63af61f4",
          "title": "Test File upload via webdriveruni",
          "fullFile": "",
          "file": "",
          "beforeHooks": [],
          "afterHooks": [],
          "tests": [
            {
              "title": "Upload a file...",
              "fullTitle": "Test File upload via webdriveruni Upload a file...",
              "timedOut": null,
              "duration": 729,
              "state": "passed",
              "speed": "fast",
              "pass": true,
              "fail": false,
              "pending": false,
              "context": null,
              "code": "cy.get('#myFile').selectFile('cypress/fixtures/laptop.png');\ncy.get('#submit-button').click();",
              "err": {},
              "uuid": "288bbf51-6a84-4c7c-917b-6f9cbd577180",
              "parentUUID": "19632081-ecb0-474f-9891-f93b63af61f4",
              "isHook": false,
              "skipped": false
            },
            {
              "title": "Upload no file...",
              "fullTitle": "Test File upload via webdriveruni Upload no file...",
              "timedOut": null,
              "duration": 494,
              "state": "passed",
              "speed": "fast",
              "pass": true,
              "fail": false,
              "pending": false,
              "context": null,
              "code": "cy.get('#submit-button').click();",
              "err": {},
              "uuid": "b6f5a1c7-4f75-4ea8-995b-43926311d675",
              "parentUUID": "19632081-ecb0-474f-9891-f93b63af61f4",
              "isHook": false,
              "skipped": false
            }
          ],
          "suites": [],
          "passes": [
            "288bbf51-6a84-4c7c-917b-6f9cbd577180",
            "b6f5a1c7-4f75-4ea8-995b-43926311d675"
          ],
          "failures": [],
          "pending": [],
          "skipped": [],
          "duration": 1223,
          "root": false,
          "rootEmpty": false,
          "_timeout": 2000
        }
      ],
      "passes": [],
      "failures": [],
      "pending": [],
      "skipped": [],
      "duration": 0,
      "root": true,
      "rootEmpty": true,
      "_timeout": 2000
    },
    {
      "uuid": "660c2c00-7acf-49d8-be67-9c7ea2551fcb",
      "title": "",
      "fullFile": "cypress\\e2e\\automation-test-store\\add-multiple-items-to-basket.js",
      "file": "cypress\\e2e\\automation-test-store\\add-multiple-items-to-basket.js",
      "beforeHooks": [],
      "afterHooks": [],
      "tests": [],
      "suites": [
        {
          "uuid": "6c95b99e-479a-45e6-8d96-6b458b5a1f53",
          "title": "Add multiple items to basket",
          "fullFile": "",
          "file": "",
          "beforeHooks": [],
          "afterHooks": [],
          "tests": [
            {
              "title": "Add specific items to basket",
              "fullTitle": "Add multiple items to basket Add specific items to basket",
              "timedOut": null,
              "duration": 2433,
              "state": "passed",
              "speed": "fast",
              "pass": true,
              "fail": false,
              "pending": false,
              "context": null,
              "code": "autoStore_HairCare_PO.addHairCareProductsToBasket();\n// globalThis.data.productName.forEach((element) => {\n//     cy.addProductToBasket(element)\n// });\n// cy.get('.dropdown-toggle > .fa').click();",
              "err": {},
              "uuid": "c5ae2d9b-82c6-4420-8b21-cbc49977d243",
              "parentUUID": "6c95b99e-479a-45e6-8d96-6b458b5a1f53",
              "isHook": false,
              "skipped": false
            }
          ],
          "suites": [],
          "passes": [
            "c5ae2d9b-82c6-4420-8b21-cbc49977d243"
          ],
          "failures": [],
          "pending": [],
          "skipped": [],
          "duration": 2433,
          "root": false,
          "rootEmpty": false,
          "_timeout": 2000
        }
      ],
      "passes": [],
      "failures": [],
      "pending": [],
      "skipped": [],
      "duration": 0,
      "root": true,
      "rootEmpty": true,
      "_timeout": 2000
    }
  ],
  "meta": {
    "mocha": {
      "version": "7.0.1"
    },
    "mochawesome": {
      "options": {
        "quiet": false,
        "reportFilename": "mochawesome",
        "saveHtml": false,
        "saveJson": true,
        "consoleReporter": "spec",
        "useInlineDiffs": false,
        "code": true
      },
      "version": "7.1.3"
    },
    "marge": {
      "options": {
        "id": "default",
        "reportDir": "cypress/results/mochawesome",
        "quite": true,
        "overwrite": false,
        "html": false,
        "json": true
      },
      "version": "6.2.0"
    }
  }
}