{
  "stats": {
    "suites": 1,
    "tests": 2,
    "passes": 2,
    "pending": 0,
    "failures": 0,
    "start": "2023-02-20T12:34:49.078Z",
    "end": "2023-02-20T12:34:50.804Z",
    "duration": 1726,
    "testsRegistered": 2,
    "passPercent": 100,
    "pendingPercent": 0,
    "other": 0,
    "hasOther": false,
    "skipped": 0,
    "hasSkipped": false
  },
  "results": [
    {
      "uuid": "0d33b063-da59-4eef-9285-bde808e683c3",
      "title": "",
      "fullFile": "cypress\\e2e\\webdriver-uni\\upload.js",
      "file": "cypress\\e2e\\webdriver-uni\\upload.js",
      "beforeHooks": [],
      "afterHooks": [],
      "tests": [],
      "suites": [
        {
          "uuid": "f3c6de42-bc14-4ac3-bf9c-bdc70aa77304",
          "title": "Test File upload via webdriveruni",
          "fullFile": "",
          "file": "",
          "beforeHooks": [],
          "afterHooks": [],
          "tests": [
            {
              "title": "Upload a file...",
              "fullTitle": "Test File upload via webdriveruni Upload a file...",
              "timedOut": null,
              "duration": 743,
              "state": "passed",
              "speed": "fast",
              "pass": true,
              "fail": false,
              "pending": false,
              "context": null,
              "code": "cy.get('#myFile').selectFile('cypress/fixtures/laptop.png');\ncy.get('#submit-button').click();",
              "err": {},
              "uuid": "1ed3df8c-f917-41f2-baed-1c965a06408d",
              "parentUUID": "f3c6de42-bc14-4ac3-bf9c-bdc70aa77304",
              "isHook": false,
              "skipped": false
            },
            {
              "title": "Upload no file...",
              "fullTitle": "Test File upload via webdriveruni Upload no file...",
              "timedOut": null,
              "duration": 269,
              "state": "passed",
              "speed": "fast",
              "pass": true,
              "fail": false,
              "pending": false,
              "context": null,
              "code": "cy.get('#submit-button').click();",
              "err": {},
              "uuid": "322988b2-d87a-48a6-a475-ff24bc344c07",
              "parentUUID": "f3c6de42-bc14-4ac3-bf9c-bdc70aa77304",
              "isHook": false,
              "skipped": false
            }
          ],
          "suites": [],
          "passes": [
            "1ed3df8c-f917-41f2-baed-1c965a06408d",
            "322988b2-d87a-48a6-a475-ff24bc344c07"
          ],
          "failures": [],
          "pending": [],
          "skipped": [],
          "duration": 1012,
          "root": false,
          "rootEmpty": false,
          "_timeout": 2000
        }
      ],
      "passes": [],
      "failures": [],
      "pending": [],
      "skipped": [],
      "duration": 0,
      "root": true,
      "rootEmpty": true,
      "_timeout": 2000
    }
  ],
  "meta": {
    "mocha": {
      "version": "7.0.1"
    },
    "mochawesome": {
      "options": {
        "quiet": false,
        "reportFilename": "mochawesome",
        "saveHtml": false,
        "saveJson": true,
        "consoleReporter": "spec",
        "useInlineDiffs": false,
        "code": true
      },
      "version": "7.1.3"
    },
    "marge": {
      "options": {
        "id": "default",
        "reportDir": "cypress/results/mochawesome",
        "quite": true,
        "overwrite": false,
        "html": false,
        "json": true
      },
      "version": "6.2.0"
    }
  }
}