{
  "stats": {
    "suites": 1,
    "tests": 3,
    "passes": 3,
    "pending": 0,
    "failures": 0,
    "start": "2023-02-20T12:33:04.298Z",
    "end": "2023-02-20T12:33:06.396Z",
    "duration": 2098,
    "testsRegistered": 3,
    "passPercent": 100,
    "pendingPercent": 0,
    "other": 0,
    "hasOther": false,
    "skipped": 0,
    "hasSkipped": false
  },
  "results": [
    {
      "uuid": "4a180dd2-f260-41cc-a6b0-6dc0c6ac4af4",
      "title": "",
      "fullFile": "cypress\\e2e\\webdriver-uni\\checkboxes.js",
      "file": "cypress\\e2e\\webdriver-uni\\checkboxes.js",
      "beforeHooks": [],
      "afterHooks": [],
      "tests": [],
      "suites": [
        {
          "uuid": "a7ced1bf-e5d7-437c-bda5-383bd4f176e0",
          "title": "Verify checkboxes via webdriveruni",
          "fullFile": "",
          "file": "",
          "beforeHooks": [],
          "afterHooks": [],
          "tests": [
            {
              "title": "Check and validate checkboxes",
              "fullTitle": "Verify checkboxes via webdriveruni Check and validate checkboxes",
              "timedOut": null,
              "duration": 1620,
              "state": "passed",
              "speed": "fast",
              "pass": true,
              "fail": false,
              "pending": false,
              "context": null,
              "code": "//cy.get('#checkboxes > :nth-child(1) > input').check().should('be.checked');cy\ncy.get('#checkboxes > :nth-child(1) > input').as('option-1');\ncy.get('@option-1').check().should('be.checked');",
              "err": {},
              "uuid": "3050dd39-c3d6-47dd-8008-877ce35b1d88",
              "parentUUID": "a7ced1bf-e5d7-437c-bda5-383bd4f176e0",
              "isHook": false,
              "skipped": false
            },
            {
              "title": "Uncheck and validate checkboxes",
              "fullTitle": "Verify checkboxes via webdriveruni Uncheck and validate checkboxes",
              "timedOut": null,
              "duration": 159,
              "state": "passed",
              "speed": "fast",
              "pass": true,
              "fail": false,
              "pending": false,
              "context": null,
              "code": "cy.get('#checkboxes > :nth-child(5) > input').as('option-3');\ncy.get('@option-3').uncheck().should('not.be.checked');",
              "err": {},
              "uuid": "774e4a25-19f2-41cb-ab10-92b385bf7eaa",
              "parentUUID": "a7ced1bf-e5d7-437c-bda5-383bd4f176e0",
              "isHook": false,
              "skipped": false
            },
            {
              "title": "Check multiple checkboxes",
              "fullTitle": "Verify checkboxes via webdriveruni Check multiple checkboxes",
              "timedOut": null,
              "duration": 304,
              "state": "passed",
              "speed": "fast",
              "pass": true,
              "fail": false,
              "pending": false,
              "context": null,
              "code": "//cy.get('[type=\"checkbox\"]').check(['option-1','option-2','option-3','option-4']).should('be.checked');\ncy.get('[type=\"checkbox\"]').each(element => {\n  cy.wrap(element).check().should('be.checked');\n});",
              "err": {},
              "uuid": "013ac2ae-d983-4e87-a3f4-d79529295d86",
              "parentUUID": "a7ced1bf-e5d7-437c-bda5-383bd4f176e0",
              "isHook": false,
              "skipped": false
            }
          ],
          "suites": [],
          "passes": [
            "3050dd39-c3d6-47dd-8008-877ce35b1d88",
            "774e4a25-19f2-41cb-ab10-92b385bf7eaa",
            "013ac2ae-d983-4e87-a3f4-d79529295d86"
          ],
          "failures": [],
          "pending": [],
          "skipped": [],
          "duration": 2083,
          "root": false,
          "rootEmpty": false,
          "_timeout": 2000
        }
      ],
      "passes": [],
      "failures": [],
      "pending": [],
      "skipped": [],
      "duration": 0,
      "root": true,
      "rootEmpty": true,
      "_timeout": 2000
    }
  ],
  "meta": {
    "mocha": {
      "version": "7.0.1"
    },
    "mochawesome": {
      "options": {
        "quiet": false,
        "reportFilename": "mochawesome",
        "saveHtml": false,
        "saveJson": true,
        "consoleReporter": "spec",
        "useInlineDiffs": false,
        "code": true
      },
      "version": "7.1.3"
    },
    "marge": {
      "options": {
        "id": "default",
        "reportDir": "cypress/results/mochawesome",
        "quite": true,
        "overwrite": false,
        "html": false,
        "json": true
      },
      "version": "6.2.0"
    }
  }
}