{
  "stats": {
    "suites": 1,
    "tests": 1,
    "passes": 1,
    "pending": 0,
    "failures": 0,
    "start": "2023-02-20T12:33:54.528Z",
    "end": "2023-02-20T12:33:58.339Z",
    "duration": 3811,
    "testsRegistered": 1,
    "passPercent": 100,
    "pendingPercent": 0,
    "other": 0,
    "hasOther": false,
    "skipped": 0,
    "hasSkipped": false
  },
  "results": [
    {
      "uuid": "6af8e303-ac18-4074-ac87-729b2354ef54",
      "title": "",
      "fullFile": "cypress\\e2e\\automation-test-store\\contact-us.js",
      "file": "cypress\\e2e\\automation-test-store\\contact-us.js",
      "beforeHooks": [],
      "afterHooks": [],
      "tests": [],
      "suites": [
        {
          "uuid": "7b2a4e3f-71dc-4cfa-a955-57cccfa5af4e",
          "title": "Test Contact Us form via Automation test store",
          "fullFile": "",
          "file": "",
          "beforeHooks": [],
          "afterHooks": [],
          "tests": [
            {
              "title": "Should be able to submit a successful submission via contact us form",
              "fullTitle": "Test Contact Us form via Automation test store Should be able to submit a successful submission via contact us form",
              "timedOut": null,
              "duration": 2949,
              "state": "passed",
              "speed": "fast",
              "pass": true,
              "fail": false,
              "pending": false,
              "context": null,
              "code": "cy.visit('https://automationteststore.com/');\n// cy.get('.info_links_footer > :nth-child(5) > a').should('be.visible').click();\n//  cy.xpath(\"//a[contains(@href,'contact')]\").should('be.visible').click();\ncy.get(\"a[href$='contact']\").should('be.visible').click().then(function (ElementName) {\n  cy.log(\"Element name is:\" + ElementName.text());\n});\ncy.get('@user').then(user => {\n  cy.get('#ContactUsFrm_first_name').should('be.visible').type(user.first_name);\n  cy.get('#ContactUsFrm_email').should('be.visible').type(user.email);\n});\ncy.get('#ContactUsFrm_email').should('have.attr', 'name', 'email');\ncy.get('#ContactUsFrm_enquiry').should('be.visible').type('Learning Cypress');\n//cy.get('.col-md-6 > .btn').should('be.visible').click();\ncy.get(\"button[title='Submit']\").should('be.visible').click();\ncy.get('.mb40 > :nth-child(3)').should('have.text', 'Your enquiry has been successfully sent to the store owner!');\ncy.log(\"Test has completed!\");",
              "err": {},
              "uuid": "68ffb553-4681-4004-a645-eed02b963dc8",
              "parentUUID": "7b2a4e3f-71dc-4cfa-a955-57cccfa5af4e",
              "isHook": false,
              "skipped": false
            }
          ],
          "suites": [],
          "passes": [
            "68ffb553-4681-4004-a645-eed02b963dc8"
          ],
          "failures": [],
          "pending": [],
          "skipped": [],
          "duration": 2949,
          "root": false,
          "rootEmpty": false,
          "_timeout": 2000
        }
      ],
      "passes": [],
      "failures": [],
      "pending": [],
      "skipped": [],
      "duration": 0,
      "root": true,
      "rootEmpty": true,
      "_timeout": 2000
    }
  ],
  "meta": {
    "mocha": {
      "version": "7.0.1"
    },
    "mochawesome": {
      "options": {
        "quiet": false,
        "reportFilename": "mochawesome",
        "saveHtml": false,
        "saveJson": true,
        "consoleReporter": "spec",
        "useInlineDiffs": false,
        "code": true
      },
      "version": "7.1.3"
    },
    "marge": {
      "options": {
        "id": "default",
        "reportDir": "cypress/results/mochawesome",
        "quite": true,
        "overwrite": false,
        "html": false,
        "json": true
      },
      "version": "6.2.0"
    }
  }
}