{
  "stats": {
    "suites": 1,
    "tests": 4,
    "passes": 4,
    "pending": 0,
    "failures": 0,
    "start": "2023-02-20T10:47:18.127Z",
    "end": "2023-02-20T10:47:20.806Z",
    "duration": 2679,
    "testsRegistered": 4,
    "passPercent": 100,
    "pendingPercent": 0,
    "other": 0,
    "hasOther": false,
    "skipped": 0,
    "hasSkipped": false
  },
  "results": [
    {
      "uuid": "8dc27d75-3d81-48be-9171-1df8e49e5909",
      "title": "",
      "fullFile": "cypress\\e2e\\webdriver-uni\\js-alerts.js",
      "file": "cypress\\e2e\\webdriver-uni\\js-alerts.js",
      "beforeHooks": [],
      "afterHooks": [],
      "tests": [],
      "suites": [
        {
          "uuid": "c326e032-e00d-4e55-b2e9-f29b9913140b",
          "title": "Handle js alerts",
          "fullFile": "",
          "file": "",
          "beforeHooks": [],
          "afterHooks": [],
          "tests": [
            {
              "title": "Confirm js alerts contains the correct text",
              "fullTitle": "Handle js alerts Confirm js alerts contains the correct text",
              "timedOut": null,
              "duration": 706,
              "state": "passed",
              "speed": "fast",
              "pass": true,
              "fail": false,
              "pending": false,
              "context": null,
              "code": "cy.visit('http://www.webdriveruniversity.com/');\ncy.get('#popup-alerts').should('be.visible').invoke('removeAttr', 'target').click();\ncy.url().should('include', 'Popup-Alerts');\ncy.get('#button1').click();\ncy.on('window:alert', msg => {\n  expect(msg).to.equal('I am an alert box!');\n});",
              "err": {},
              "uuid": "01b9f53b-ba9a-4d54-b778-8f6042776742",
              "parentUUID": "c326e032-e00d-4e55-b2e9-f29b9913140b",
              "isHook": false,
              "skipped": false
            },
            {
              "title": "Validate js confirm alert box works correctly when clicking ok",
              "fullTitle": "Handle js alerts Validate js confirm alert box works correctly when clicking ok",
              "timedOut": null,
              "duration": 294,
              "state": "passed",
              "speed": "fast",
              "pass": true,
              "fail": false,
              "pending": false,
              "context": null,
              "code": "cy.visit('http://www.webdriveruniversity.com/');\ncy.get('#popup-alerts').should('be.visible').invoke('removeAttr', 'target').click();\ncy.url().should('include', 'Popup-Alerts');\ncy.get('#button4').click();\ncy.on('window:confirm', () => {\n  return true;\n});\ncy.get('#confirm-alert-text').contains('You pressed OK!');",
              "err": {},
              "uuid": "9f5fddf4-69f6-4ddc-8851-4c3a93099aaf",
              "parentUUID": "c326e032-e00d-4e55-b2e9-f29b9913140b",
              "isHook": false,
              "skipped": false
            },
            {
              "title": "Validate js confirm alert box works correctly when clicking cancel",
              "fullTitle": "Handle js alerts Validate js confirm alert box works correctly when clicking cancel",
              "timedOut": null,
              "duration": 357,
              "state": "passed",
              "speed": "fast",
              "pass": true,
              "fail": false,
              "pending": false,
              "context": null,
              "code": "cy.visit('http://www.webdriveruniversity.com/');\ncy.get('#popup-alerts').should('be.visible').invoke('removeAttr', 'target').click();\ncy.url().should('include', 'Popup-Alerts');\ncy.reload();\ncy.get('#button4').click();\ncy.on('window:confirm', () => {\n  return false;\n});\ncy.get('#confirm-alert-text').contains('You pressed Cancel!');",
              "err": {},
              "uuid": "1ed0c292-1aea-46b1-b4dc-5bf06b72b299",
              "parentUUID": "c326e032-e00d-4e55-b2e9-f29b9913140b",
              "isHook": false,
              "skipped": false
            },
            {
              "title": "Validate js confirm alert box using a stub",
              "fullTitle": "Handle js alerts Validate js confirm alert box using a stub",
              "timedOut": null,
              "duration": 296,
              "state": "passed",
              "speed": "fast",
              "pass": true,
              "fail": false,
              "pending": false,
              "context": null,
              "code": "cy.visit('http://www.webdriveruniversity.com/');\ncy.get('#popup-alerts').should('be.visible').invoke('removeAttr', 'target').click();\ncy.url().should('include', 'Popup-Alerts');\nconst stub = cy.stub();\ncy.on(\"window:confirm\", stub);\n// cy.get('#button4').click().then(() => {\n//     expect(stub.getCall(0)).to.be.calledWith('Press a button!')\n// }).then(() => {\n//     return true;\n// }).then(() => {\n//     cy.get('#confirm-alert-text').contains('You pressed OK!');\n// });\ncy.get('#button4').click().then(() => {\n  expect(stub.getCall(0)).to.be.calledWith('Press a button!');\n}).then(() => {}).then(() => {\n  cy.get('#confirm-alert-text').contains('You pressed OK!');\n}); //NOT WORKING FOR SOME REASON",
              "err": {},
              "uuid": "1990c184-430f-4747-a351-66775993e812",
              "parentUUID": "c326e032-e00d-4e55-b2e9-f29b9913140b",
              "isHook": false,
              "skipped": false
            }
          ],
          "suites": [],
          "passes": [
            "01b9f53b-ba9a-4d54-b778-8f6042776742",
            "9f5fddf4-69f6-4ddc-8851-4c3a93099aaf",
            "1ed0c292-1aea-46b1-b4dc-5bf06b72b299",
            "1990c184-430f-4747-a351-66775993e812"
          ],
          "failures": [],
          "pending": [],
          "skipped": [],
          "duration": 1653,
          "root": false,
          "rootEmpty": false,
          "_timeout": 2000
        }
      ],
      "passes": [],
      "failures": [],
      "pending": [],
      "skipped": [],
      "duration": 0,
      "root": true,
      "rootEmpty": true,
      "_timeout": 2000
    }
  ],
  "meta": {
    "mocha": {
      "version": "7.0.1"
    },
    "mochawesome": {
      "options": {
        "quiet": false,
        "reportFilename": "mochawesome",
        "saveHtml": false,
        "saveJson": true,
        "consoleReporter": "spec",
        "useInlineDiffs": false,
        "code": true
      },
      "version": "7.1.3"
    },
    "marge": {
      "options": {
        "id": "default",
        "reportDir": "cypress/results/mochawesome",
        "quite": true,
        "overwrite": false,
        "html": false,
        "json": true
      },
      "version": "6.2.0"
    }
  }
}