{
  "stats": {
    "suites": 1,
    "tests": 2,
    "passes": 2,
    "pending": 0,
    "failures": 0,
    "start": "2023-02-20T10:47:15.438Z",
    "end": "2023-02-20T10:47:15.458Z",
    "duration": 20,
    "testsRegistered": 2,
    "passPercent": 100,
    "pendingPercent": 0,
    "other": 0,
    "hasOther": false,
    "skipped": 0,
    "hasSkipped": false
  },
  "results": [
    {
      "uuid": "83658b2a-cbcf-4767-b05d-11e4c2435ef3",
      "title": "",
      "fullFile": "cypress\\e2e\\webdriver-uni\\hooks.js",
      "file": "cypress\\e2e\\webdriver-uni\\hooks.js",
      "beforeHooks": [],
      "afterHooks": [],
      "tests": [],
      "suites": [
        {
          "uuid": "3db426b7-9ff3-4b5b-a77e-1d6c9a87dc64",
          "title": "Hooks",
          "fullFile": "",
          "file": "",
          "beforeHooks": [],
          "afterHooks": [],
          "tests": [
            {
              "title": "Example test1",
              "fullTitle": "Hooks Example test1",
              "timedOut": null,
              "duration": 8,
              "state": "passed",
              "speed": "fast",
              "pass": true,
              "fail": false,
              "pending": false,
              "context": null,
              "code": "cy.log('Example test1');",
              "err": {},
              "uuid": "66dab8b8-316f-462e-ada8-7d57fa3acb30",
              "parentUUID": "3db426b7-9ff3-4b5b-a77e-1d6c9a87dc64",
              "isHook": false,
              "skipped": false
            },
            {
              "title": "Example test2",
              "fullTitle": "Hooks Example test2",
              "timedOut": null,
              "duration": 3,
              "state": "passed",
              "speed": "fast",
              "pass": true,
              "fail": false,
              "pending": false,
              "context": null,
              "code": "cy.log('Example test2');",
              "err": {},
              "uuid": "3bb70413-0322-4dd9-b55c-1895cc789ece",
              "parentUUID": "3db426b7-9ff3-4b5b-a77e-1d6c9a87dc64",
              "isHook": false,
              "skipped": false
            }
          ],
          "suites": [],
          "passes": [
            "66dab8b8-316f-462e-ada8-7d57fa3acb30",
            "3bb70413-0322-4dd9-b55c-1895cc789ece"
          ],
          "failures": [],
          "pending": [],
          "skipped": [],
          "duration": 11,
          "root": false,
          "rootEmpty": false,
          "_timeout": 2000
        }
      ],
      "passes": [],
      "failures": [],
      "pending": [],
      "skipped": [],
      "duration": 0,
      "root": true,
      "rootEmpty": true,
      "_timeout": 2000
    }
  ],
  "meta": {
    "mocha": {
      "version": "7.0.1"
    },
    "mochawesome": {
      "options": {
        "quiet": false,
        "reportFilename": "mochawesome",
        "saveHtml": false,
        "saveJson": true,
        "consoleReporter": "spec",
        "useInlineDiffs": false,
        "code": true
      },
      "version": "7.1.3"
    },
    "marge": {
      "options": {
        "id": "default",
        "reportDir": "cypress/results/mochawesome",
        "quite": true,
        "overwrite": false,
        "html": false,
        "json": true
      },
      "version": "6.2.0"
    }
  }
}