{
  "stats": {
    "suites": 1,
    "tests": 4,
    "passes": 4,
    "pending": 0,
    "failures": 0,
    "start": "2023-02-20T10:46:44.758Z",
    "end": "2023-02-20T10:46:49.914Z",
    "duration": 5156,
    "testsRegistered": 4,
    "passPercent": 100,
    "pendingPercent": 0,
    "other": 0,
    "hasOther": false,
    "skipped": 0,
    "hasSkipped": false
  },
  "results": [
    {
      "uuid": "12afbc69-e932-4787-8a0d-be8353224c86",
      "title": "",
      "fullFile": "cypress\\e2e\\automation-test-store\\iterate-over-elements.js",
      "file": "cypress\\e2e\\automation-test-store\\iterate-over-elements.js",
      "beforeHooks": [],
      "afterHooks": [],
      "tests": [],
      "suites": [
        {
          "uuid": "68689020-1948-4cf5-ad47-03952e5b7954",
          "title": "Iterate over elements",
          "fullFile": "",
          "file": "",
          "beforeHooks": [],
          "afterHooks": [],
          "tests": [
            {
              "title": "Log information of all hair care products",
              "fullTitle": "Iterate over elements Log information of all hair care products",
              "timedOut": null,
              "duration": 1504,
              "state": "passed",
              "speed": "fast",
              "pass": true,
              "fail": false,
              "pending": false,
              "context": null,
              "code": "cy.get(\".fixed_wrapper .prdocutname\").each(($el, index, $list) => {\n  cy.log('index: ' + index + \" : \" + $el.text());\n});",
              "err": {},
              "uuid": "0e317748-4a65-403e-8f25-a9012fc5a615",
              "parentUUID": "68689020-1948-4cf5-ad47-03952e5b7954",
              "isHook": false,
              "skipped": false
            },
            {
              "title": "Add specific product to basket",
              "fullTitle": "Iterate over elements Add specific product to basket",
              "timedOut": null,
              "duration": 1022,
              "state": "passed",
              "speed": "fast",
              "pass": true,
              "fail": false,
              "pending": false,
              "context": null,
              "code": "// cy.get(\".fixed_wrapper .prdocutname\").each(($el, index, $list) => {\n//\n//     if($el.text().includes('Curls to straight Shampoo')) {\n//\n//         cy.wrap($el).click();\n//\n//     };\n//\n// })\ncy.selectProduct('Curls to straight Shampoo');",
              "err": {},
              "uuid": "8c6a74eb-b847-404a-a99d-4345b25d32e7",
              "parentUUID": "68689020-1948-4cf5-ad47-03952e5b7954",
              "isHook": false,
              "skipped": false
            },
            {
              "title": "Add another specific product to basket",
              "fullTitle": "Iterate over elements Add another specific product to basket",
              "timedOut": null,
              "duration": 873,
              "state": "passed",
              "speed": "fast",
              "pass": true,
              "fail": false,
              "pending": false,
              "context": null,
              "code": "cy.selectProduct('Seaweed Conditioner');",
              "err": {},
              "uuid": "4ba59832-f2ba-4bc0-90f8-f6f3615fc30b",
              "parentUUID": "68689020-1948-4cf5-ad47-03952e5b7954",
              "isHook": false,
              "skipped": false
            },
            {
              "title": "Add another.2 specific product to basket",
              "fullTitle": "Iterate over elements Add another.2 specific product to basket",
              "timedOut": null,
              "duration": 939,
              "state": "passed",
              "speed": "fast",
              "pass": true,
              "fail": false,
              "pending": false,
              "context": null,
              "code": "cy.selectProduct('Eau Parfumee au The Vert Shampoo');",
              "err": {},
              "uuid": "0b51f15c-c090-42bc-82c6-123f0b72fd8b",
              "parentUUID": "68689020-1948-4cf5-ad47-03952e5b7954",
              "isHook": false,
              "skipped": false
            }
          ],
          "suites": [],
          "passes": [
            "0e317748-4a65-403e-8f25-a9012fc5a615",
            "8c6a74eb-b847-404a-a99d-4345b25d32e7",
            "4ba59832-f2ba-4bc0-90f8-f6f3615fc30b",
            "0b51f15c-c090-42bc-82c6-123f0b72fd8b"
          ],
          "failures": [],
          "pending": [],
          "skipped": [],
          "duration": 4338,
          "root": false,
          "rootEmpty": false,
          "_timeout": 2000
        }
      ],
      "passes": [],
      "failures": [],
      "pending": [],
      "skipped": [],
      "duration": 0,
      "root": true,
      "rootEmpty": true,
      "_timeout": 2000
    }
  ],
  "meta": {
    "mocha": {
      "version": "7.0.1"
    },
    "mochawesome": {
      "options": {
        "quiet": false,
        "reportFilename": "mochawesome",
        "saveHtml": false,
        "saveJson": true,
        "consoleReporter": "spec",
        "useInlineDiffs": false,
        "code": true
      },
      "version": "7.1.3"
    },
    "marge": {
      "options": {
        "id": "default",
        "reportDir": "cypress/results/mochawesome",
        "quite": true,
        "overwrite": false,
        "html": false,
        "json": true
      },
      "version": "6.2.0"
    }
  }
}