{
  "stats": {
    "suites": 1,
    "tests": 4,
    "passes": 4,
    "pending": 0,
    "failures": 0,
    "start": "2023-02-20T13:14:37.287Z",
    "end": "2023-02-20T13:14:43.244Z",
    "duration": 5957,
    "testsRegistered": 4,
    "passPercent": 100,
    "pendingPercent": 0,
    "other": 0,
    "hasOther": false,
    "skipped": 0,
    "hasSkipped": false
  },
  "results": [
    {
      "uuid": "e6d39e2c-0749-45a1-a6da-ad6c8319345d",
      "title": "",
      "fullFile": "cypress\\e2e\\automation-test-store\\iterate-over-elements.js",
      "file": "cypress\\e2e\\automation-test-store\\iterate-over-elements.js",
      "beforeHooks": [],
      "afterHooks": [],
      "tests": [],
      "suites": [
        {
          "uuid": "37939b01-d044-4a14-90fd-ca3aebfd5999",
          "title": "Iterate over elements",
          "fullFile": "",
          "file": "",
          "beforeHooks": [],
          "afterHooks": [],
          "tests": [
            {
              "title": "Log information of all hair care products",
              "fullTitle": "Iterate over elements Log information of all hair care products",
              "timedOut": null,
              "duration": 1558,
              "state": "passed",
              "speed": "fast",
              "pass": true,
              "fail": false,
              "pending": false,
              "context": null,
              "code": "cy.get(\".fixed_wrapper .prdocutname\").each(($el, index, $list) => {\n  cy.log('index: ' + index + \" : \" + $el.text());\n});",
              "err": {},
              "uuid": "cf0561a3-1806-4668-9a24-4885d13201f7",
              "parentUUID": "37939b01-d044-4a14-90fd-ca3aebfd5999",
              "isHook": false,
              "skipped": false
            },
            {
              "title": "Add specific product to basket",
              "fullTitle": "Iterate over elements Add specific product to basket",
              "timedOut": null,
              "duration": 981,
              "state": "passed",
              "speed": "fast",
              "pass": true,
              "fail": false,
              "pending": false,
              "context": null,
              "code": "// cy.get(\".fixed_wrapper .prdocutname\").each(($el, index, $list) => {\n//\n//     if($el.text().includes('Curls to straight Shampoo')) {\n//\n//         cy.wrap($el).click();\n//\n//     };\n//\n// })\ncy.selectProduct('Curls to straight Shampoo');",
              "err": {},
              "uuid": "af469a76-f3ff-4bd1-a545-ba83e45a246c",
              "parentUUID": "37939b01-d044-4a14-90fd-ca3aebfd5999",
              "isHook": false,
              "skipped": false
            },
            {
              "title": "Add another specific product to basket",
              "fullTitle": "Iterate over elements Add another specific product to basket",
              "timedOut": null,
              "duration": 1242,
              "state": "passed",
              "speed": "fast",
              "pass": true,
              "fail": false,
              "pending": false,
              "context": null,
              "code": "cy.selectProduct('Seaweed Conditioner');",
              "err": {},
              "uuid": "a5e966d9-4dd0-4a29-97e9-4ca25c4ac711",
              "parentUUID": "37939b01-d044-4a14-90fd-ca3aebfd5999",
              "isHook": false,
              "skipped": false
            },
            {
              "title": "Add another.2 specific product to basket",
              "fullTitle": "Iterate over elements Add another.2 specific product to basket",
              "timedOut": null,
              "duration": 1340,
              "state": "passed",
              "speed": "fast",
              "pass": true,
              "fail": false,
              "pending": false,
              "context": null,
              "code": "cy.selectProduct('Eau Parfumee au The Vert Shampoo');",
              "err": {},
              "uuid": "61e63539-32e1-427c-b149-ad761528449f",
              "parentUUID": "37939b01-d044-4a14-90fd-ca3aebfd5999",
              "isHook": false,
              "skipped": false
            }
          ],
          "suites": [],
          "passes": [
            "cf0561a3-1806-4668-9a24-4885d13201f7",
            "af469a76-f3ff-4bd1-a545-ba83e45a246c",
            "a5e966d9-4dd0-4a29-97e9-4ca25c4ac711",
            "61e63539-32e1-427c-b149-ad761528449f"
          ],
          "failures": [],
          "pending": [],
          "skipped": [],
          "duration": 5121,
          "root": false,
          "rootEmpty": false,
          "_timeout": 2000
        }
      ],
      "passes": [],
      "failures": [],
      "pending": [],
      "skipped": [],
      "duration": 0,
      "root": true,
      "rootEmpty": true,
      "_timeout": 2000
    }
  ],
  "meta": {
    "mocha": {
      "version": "7.0.1"
    },
    "mochawesome": {
      "options": {
        "quiet": false,
        "reportFilename": "mochawesome",
        "saveHtml": false,
        "saveJson": true,
        "consoleReporter": "spec",
        "useInlineDiffs": false,
        "code": true
      },
      "version": "7.1.3"
    },
    "marge": {
      "options": {
        "id": "default",
        "reportDir": "cypress/results/mochawesome",
        "quite": true,
        "overwrite": false,
        "html": false,
        "json": true
      },
      "version": "6.2.0"
    }
  }
}