{
  "stats": {
    "suites": 1,
    "tests": 4,
    "passes": 4,
    "pending": 0,
    "failures": 0,
    "start": "2023-02-20T13:16:53.411Z",
    "end": "2023-02-20T13:16:58.413Z",
    "duration": 5002,
    "testsRegistered": 4,
    "passPercent": 100,
    "pendingPercent": 0,
    "other": 0,
    "hasOther": false,
    "skipped": 0,
    "hasSkipped": false
  },
  "results": [
    {
      "uuid": "d5161b4a-513b-4f03-8c97-92fd11d46503",
      "title": "",
      "fullFile": "cypress\\e2e\\automation-test-store\\iterate-over-elements.js",
      "file": "cypress\\e2e\\automation-test-store\\iterate-over-elements.js",
      "beforeHooks": [],
      "afterHooks": [],
      "tests": [],
      "suites": [
        {
          "uuid": "657b3a3e-bcb6-48e4-b4d2-137d050fe999",
          "title": "Iterate over elements",
          "fullFile": "",
          "file": "",
          "beforeHooks": [],
          "afterHooks": [],
          "tests": [
            {
              "title": "Log information of all hair care products",
              "fullTitle": "Iterate over elements Log information of all hair care products",
              "timedOut": null,
              "duration": 1442,
              "state": "passed",
              "speed": "fast",
              "pass": true,
              "fail": false,
              "pending": false,
              "context": null,
              "code": "cy.get(\".fixed_wrapper .prdocutname\").each(($el, index, $list) => {\n  cy.log('index: ' + index + \" : \" + $el.text());\n});",
              "err": {},
              "uuid": "10c53f61-657d-4371-b50b-90df5d45700b",
              "parentUUID": "657b3a3e-bcb6-48e4-b4d2-137d050fe999",
              "isHook": false,
              "skipped": false
            },
            {
              "title": "Add specific product to basket",
              "fullTitle": "Iterate over elements Add specific product to basket",
              "timedOut": null,
              "duration": 907,
              "state": "passed",
              "speed": "fast",
              "pass": true,
              "fail": false,
              "pending": false,
              "context": null,
              "code": "// cy.get(\".fixed_wrapper .prdocutname\").each(($el, index, $list) => {\n//\n//     if($el.text().includes('Curls to straight Shampoo')) {\n//\n//         cy.wrap($el).click();\n//\n//     };\n//\n// })\ncy.selectProduct('Curls to straight Shampoo');",
              "err": {},
              "uuid": "a743c2bb-ca5c-4e9b-821f-7d7a4fb5642e",
              "parentUUID": "657b3a3e-bcb6-48e4-b4d2-137d050fe999",
              "isHook": false,
              "skipped": false
            },
            {
              "title": "Add another specific product to basket",
              "fullTitle": "Iterate over elements Add another specific product to basket",
              "timedOut": null,
              "duration": 948,
              "state": "passed",
              "speed": "fast",
              "pass": true,
              "fail": false,
              "pending": false,
              "context": null,
              "code": "cy.selectProduct('Seaweed Conditioner');",
              "err": {},
              "uuid": "2e6a7d16-0c03-4bf6-b661-e656efdaa319",
              "parentUUID": "657b3a3e-bcb6-48e4-b4d2-137d050fe999",
              "isHook": false,
              "skipped": false
            },
            {
              "title": "Add another.2 specific product to basket",
              "fullTitle": "Iterate over elements Add another.2 specific product to basket",
              "timedOut": null,
              "duration": 881,
              "state": "passed",
              "speed": "fast",
              "pass": true,
              "fail": false,
              "pending": false,
              "context": null,
              "code": "cy.selectProduct('Eau Parfumee au The Vert Shampoo');",
              "err": {},
              "uuid": "5f293b68-eca7-4de6-986c-d1008ec60f9e",
              "parentUUID": "657b3a3e-bcb6-48e4-b4d2-137d050fe999",
              "isHook": false,
              "skipped": false
            }
          ],
          "suites": [],
          "passes": [
            "10c53f61-657d-4371-b50b-90df5d45700b",
            "a743c2bb-ca5c-4e9b-821f-7d7a4fb5642e",
            "2e6a7d16-0c03-4bf6-b661-e656efdaa319",
            "5f293b68-eca7-4de6-986c-d1008ec60f9e"
          ],
          "failures": [],
          "pending": [],
          "skipped": [],
          "duration": 4178,
          "root": false,
          "rootEmpty": false,
          "_timeout": 2000
        }
      ],
      "passes": [],
      "failures": [],
      "pending": [],
      "skipped": [],
      "duration": 0,
      "root": true,
      "rootEmpty": true,
      "_timeout": 2000
    }
  ],
  "meta": {
    "mocha": {
      "version": "7.0.1"
    },
    "mochawesome": {
      "options": {
        "quiet": false,
        "reportFilename": "mochawesome",
        "saveHtml": false,
        "saveJson": true,
        "consoleReporter": "spec",
        "useInlineDiffs": false,
        "code": true
      },
      "version": "7.1.3"
    },
    "marge": {
      "options": {
        "id": "default",
        "reportDir": "cypress/results/mochawesome",
        "quite": true,
        "overwrite": false,
        "html": false,
        "json": true
      },
      "version": "6.2.0"
    }
  }
}