{
  "stats": {
    "suites": 1,
    "tests": 1,
    "passes": 1,
    "pending": 0,
    "failures": 0,
    "start": "2023-02-20T10:46:53.993Z",
    "end": "2023-02-20T10:46:57.310Z",
    "duration": 3317,
    "testsRegistered": 1,
    "passPercent": 100,
    "pendingPercent": 0,
    "other": 0,
    "hasOther": false,
    "skipped": 0,
    "hasSkipped": false
  },
  "results": [
    {
      "uuid": "298bc372-f115-43e2-ba62-47774400ab6e",
      "title": "",
      "fullFile": "cypress\\e2e\\webdriver-uni\\autocomplete-dropdown-list.js",
      "file": "cypress\\e2e\\webdriver-uni\\autocomplete-dropdown-list.js",
      "beforeHooks": [],
      "afterHooks": [],
      "tests": [],
      "suites": [
        {
          "uuid": "10fc2603-3080-4fb3-8fb2-86b46a456ad9",
          "title": "Verify Autocomplete dropdown lists via webdriveruni",
          "fullFile": "",
          "file": "",
          "beforeHooks": [],
          "afterHooks": [],
          "tests": [
            {
              "title": "Select specific product via autocomplete list",
              "fullTitle": "Verify Autocomplete dropdown lists via webdriveruni Select specific product via autocomplete list",
              "timedOut": null,
              "duration": 2144,
              "state": "passed",
              "speed": "fast",
              "pass": true,
              "fail": false,
              "pending": false,
              "context": null,
              "code": "cy.visit('www.webdriveruniversity.com');\ncy.get('#autocomplete-textfield').should('be.visible').invoke('removeAttr', 'target').click({\n  force: true\n});\ncy.get('#myInput').type('A');\ncy.get('#myInputautocomplete-list > *').each(($el, index, list) => {\n  const prod = $el.text();\n  const prodToSelect = 'Avacado';\n  if (prod === prodToSelect) {\n    cy.wrap($el).click();\n    cy.get('#submit-button').click();\n    cy.url().should('include', prodToSelect);\n  }\n}).then(() => {\n  cy.get('#myInput').type('G');\n  cy.get('#myInputautocomplete-list > *').each(el => {\n    const prod = \"Grapes\";\n    if (el.text() === prod) {\n      //el.click();\n      el.trigger('click');\n      cy.get('#submit-button').click();\n      cy.url().should('include', prod);\n    }\n  });\n});",
              "err": {},
              "uuid": "04152269-3d57-4e10-8ddb-88a014a65855",
              "parentUUID": "10fc2603-3080-4fb3-8fb2-86b46a456ad9",
              "isHook": false,
              "skipped": false
            }
          ],
          "suites": [],
          "passes": [
            "04152269-3d57-4e10-8ddb-88a014a65855"
          ],
          "failures": [],
          "pending": [],
          "skipped": [],
          "duration": 2144,
          "root": false,
          "rootEmpty": false,
          "_timeout": 2000
        }
      ],
      "passes": [],
      "failures": [],
      "pending": [],
      "skipped": [],
      "duration": 0,
      "root": true,
      "rootEmpty": true,
      "_timeout": 2000
    }
  ],
  "meta": {
    "mocha": {
      "version": "7.0.1"
    },
    "mochawesome": {
      "options": {
        "quiet": false,
        "reportFilename": "mochawesome",
        "saveHtml": false,
        "saveJson": true,
        "consoleReporter": "spec",
        "useInlineDiffs": false,
        "code": true
      },
      "version": "7.1.3"
    },
    "marge": {
      "options": {
        "id": "default",
        "reportDir": "cypress/results/mochawesome",
        "quite": true,
        "overwrite": false,
        "html": false,
        "json": true
      },
      "version": "6.2.0"
    }
  }
}