{
  "stats": {
    "suites": 1,
    "tests": 1,
    "passes": 0,
    "pending": 0,
    "failures": 1,
    "start": "2023-02-20T12:24:11.789Z",
    "end": "2023-02-20T12:24:12.058Z",
    "duration": 269,
    "testsRegistered": 3,
    "passPercent": 0,
    "pendingPercent": 0,
    "other": 0,
    "hasOther": false,
    "skipped": 2,
    "hasSkipped": true
  },
  "results": [
    {
      "uuid": "1dfc6715-296f-444c-8032-12009000fc56",
      "title": "",
      "fullFile": "cypress\\e2e\\webdriver-uni\\checkboxes.js",
      "file": "cypress\\e2e\\webdriver-uni\\checkboxes.js",
      "beforeHooks": [],
      "afterHooks": [],
      "tests": [],
      "suites": [
        {
          "uuid": "5c166fdd-775b-40e8-9359-6907e045e920",
          "title": "Verify checkboxes via webdriveruni",
          "fullFile": "",
          "file": "",
          "beforeHooks": [],
          "afterHooks": [],
          "tests": [
            {
              "title": "Check and validate checkboxes",
              "fullTitle": "Verify checkboxes via webdriveruni Check and validate checkboxes",
              "timedOut": null,
              "duration": 247,
              "state": "failed",
              "speed": null,
              "pass": false,
              "fail": true,
              "pending": false,
              "context": null,
              "code": "//cy.get('#checkboxes > :nth-child(1) > input').check().should('be.checked');cy\ncy.get('#checkboxes > :nth-child(1) > input').as('option-1');\ncy.get('@option-1').check().should('be.checked');",
              "err": {
                "message": "CypressError: `cy.visit()` failed trying to load:\n\nhttps://automationteststore.com/Dropdown-Checkboxes-RadioButtons/index.html\n\nThe response we received from your web server was:\n\n  > 404: Not Found\n\nThis was considered a failure because the status code was not `2xx`.\n\nIf you do not want status codes to cause failures pass the option: `failOnStatusCode: false`\n\nBecause this error occurred during a `before each` hook we are skipping the remaining tests in the current suite: `Verify checkboxes via webdr...`",
                "estack": "CypressError: `cy.visit()` failed trying to load:\n\nhttps://automationteststore.com/Dropdown-Checkboxes-RadioButtons/index.html\n\nThe response we received from your web server was:\n\n  > 404: Not Found\n\nThis was considered a failure because the status code was not `2xx`.\n\nIf you do not want status codes to cause failures pass the option: `failOnStatusCode: false`\n\nBecause this error occurred during a `before each` hook we are skipping the remaining tests in the current suite: `Verify checkboxes via webdr...`\n    at <unknown> (https://automationteststore.com/__cypress/runner/cypress_runner.js:138203:84)\n    at visitFailedByErr (https://automationteststore.com/__cypress/runner/cypress_runner.js:137611:12)\n    at <unknown> (https://automationteststore.com/__cypress/runner/cypress_runner.js:138186:13)\n    at tryCatcher (https://automationteststore.com/__cypress/runner/cypress_runner.js:8914:23)\n    at Promise._settlePromiseFromHandler (https://automationteststore.com/__cypress/runner/cypress_runner.js:6849:31)\n    at Promise._settlePromise (https://automationteststore.com/__cypress/runner/cypress_runner.js:6906:18)\n    at Promise._settlePromise0 (https://automationteststore.com/__cypress/runner/cypress_runner.js:6951:10)\n    at Promise._settlePromises (https://automationteststore.com/__cypress/runner/cypress_runner.js:7027:18)\n    at _drainQueueStep (https://automationteststore.com/__cypress/runner/cypress_runner.js:3621:12)\n    at _drainQueue (https://automationteststore.com/__cypress/runner/cypress_runner.js:3614:9)\n    at ../../node_modules/bluebird/js/release/async.js.Async._drainQueues (https://automationteststore.com/__cypress/runner/cypress_runner.js:3630:5)\n    at Async.drainQueues (https://automationteststore.com/__cypress/runner/cypress_runner.js:3500:14)\nFrom Your Spec Code:\n    at Context.eval (webpack:///./cypress/support/commands.js:30:7)",
                "diff": null
              },
              "uuid": "94ddb5e5-13f9-4046-88af-fdc0116f97c0",
              "parentUUID": "5c166fdd-775b-40e8-9359-6907e045e920",
              "isHook": false,
              "skipped": false
            },
            {
              "title": "Uncheck and validate checkboxes",
              "fullTitle": "Verify checkboxes via webdriveruni Uncheck and validate checkboxes",
              "timedOut": null,
              "duration": 0,
              "state": "skipped",
              "speed": null,
              "pass": false,
              "fail": false,
              "pending": false,
              "context": null,
              "code": "cy.get('#checkboxes > :nth-child(5) > input').as('option-3');\ncy.get('@option-3').uncheck().should('not.be.checked');",
              "err": {},
              "uuid": "85003f2e-bb05-466a-8cd3-cb2868028f1b",
              "parentUUID": "5c166fdd-775b-40e8-9359-6907e045e920",
              "isHook": false,
              "skipped": true
            },
            {
              "title": "Check multiple checkboxes",
              "fullTitle": "Verify checkboxes via webdriveruni Check multiple checkboxes",
              "timedOut": null,
              "duration": 0,
              "state": "skipped",
              "speed": null,
              "pass": false,
              "fail": false,
              "pending": false,
              "context": null,
              "code": "//cy.get('[type=\"checkbox\"]').check(['option-1','option-2','option-3','option-4']).should('be.checked');\ncy.get('[type=\"checkbox\"]').each(element => {\n  cy.wrap(element).check().should('be.checked');\n});",
              "err": {},
              "uuid": "cf07e225-ddce-40bd-82cf-b82d29394f7e",
              "parentUUID": "5c166fdd-775b-40e8-9359-6907e045e920",
              "isHook": false,
              "skipped": true
            }
          ],
          "suites": [],
          "passes": [],
          "failures": [
            "94ddb5e5-13f9-4046-88af-fdc0116f97c0"
          ],
          "pending": [],
          "skipped": [
            "85003f2e-bb05-466a-8cd3-cb2868028f1b",
            "cf07e225-ddce-40bd-82cf-b82d29394f7e"
          ],
          "duration": 247,
          "root": false,
          "rootEmpty": false,
          "_timeout": 2000
        }
      ],
      "passes": [],
      "failures": [],
      "pending": [],
      "skipped": [],
      "duration": 0,
      "root": true,
      "rootEmpty": true,
      "_timeout": 2000
    }
  ],
  "meta": {
    "mocha": {
      "version": "7.0.1"
    },
    "mochawesome": {
      "options": {
        "quiet": false,
        "reportFilename": "mochawesome",
        "saveHtml": false,
        "saveJson": true,
        "consoleReporter": "spec",
        "useInlineDiffs": false,
        "code": true
      },
      "version": "7.1.3"
    },
    "marge": {
      "options": {
        "id": "default",
        "reportDir": "cypress/results/mochawesome",
        "quite": true,
        "overwrite": false,
        "html": false,
        "json": true
      },
      "version": "6.2.0"
    }
  }
}