{
  "stats": {
    "suites": 1,
    "tests": 4,
    "passes": 4,
    "pending": 0,
    "failures": 0,
    "start": "2023-02-20T12:34:35.760Z",
    "end": "2023-02-20T12:34:38.433Z",
    "duration": 2673,
    "testsRegistered": 4,
    "passPercent": 100,
    "pendingPercent": 0,
    "other": 0,
    "hasOther": false,
    "skipped": 0,
    "hasSkipped": false
  },
  "results": [
    {
      "uuid": "3f9bdf33-09d7-40e2-93ed-3589523296d2",
      "title": "",
      "fullFile": "cypress\\e2e\\webdriver-uni\\js-alerts.js",
      "file": "cypress\\e2e\\webdriver-uni\\js-alerts.js",
      "beforeHooks": [],
      "afterHooks": [],
      "tests": [],
      "suites": [
        {
          "uuid": "ee1e9e3d-7786-4f7f-b542-25347d6e2ff2",
          "title": "Handle js alerts",
          "fullFile": "",
          "file": "",
          "beforeHooks": [],
          "afterHooks": [],
          "tests": [
            {
              "title": "Confirm js alerts contains the correct text",
              "fullTitle": "Handle js alerts Confirm js alerts contains the correct text",
              "timedOut": null,
              "duration": 714,
              "state": "passed",
              "speed": "fast",
              "pass": true,
              "fail": false,
              "pending": false,
              "context": null,
              "code": "cy.visit('http://www.webdriveruniversity.com/');\ncy.get('#popup-alerts').should('be.visible').invoke('removeAttr', 'target').click();\ncy.url().should('include', 'Popup-Alerts');\ncy.get('#button1').click();\ncy.on('window:alert', msg => {\n  expect(msg).to.equal('I am an alert box!');\n});",
              "err": {},
              "uuid": "6a33b6a3-2402-4258-ab0a-b6877724fc2d",
              "parentUUID": "ee1e9e3d-7786-4f7f-b542-25347d6e2ff2",
              "isHook": false,
              "skipped": false
            },
            {
              "title": "Validate js confirm alert box works correctly when clicking ok",
              "fullTitle": "Handle js alerts Validate js confirm alert box works correctly when clicking ok",
              "timedOut": null,
              "duration": 287,
              "state": "passed",
              "speed": "fast",
              "pass": true,
              "fail": false,
              "pending": false,
              "context": null,
              "code": "cy.visit('http://www.webdriveruniversity.com/');\ncy.get('#popup-alerts').should('be.visible').invoke('removeAttr', 'target').click();\ncy.url().should('include', 'Popup-Alerts');\ncy.get('#button4').click();\ncy.on('window:confirm', () => {\n  return true;\n});\ncy.get('#confirm-alert-text').contains('You pressed OK!');",
              "err": {},
              "uuid": "b6c028c9-4ebe-4c86-8ce5-7d4c4d7d8e1e",
              "parentUUID": "ee1e9e3d-7786-4f7f-b542-25347d6e2ff2",
              "isHook": false,
              "skipped": false
            },
            {
              "title": "Validate js confirm alert box works correctly when clicking cancel",
              "fullTitle": "Handle js alerts Validate js confirm alert box works correctly when clicking cancel",
              "timedOut": null,
              "duration": 352,
              "state": "passed",
              "speed": "fast",
              "pass": true,
              "fail": false,
              "pending": false,
              "context": null,
              "code": "cy.visit('http://www.webdriveruniversity.com/');\ncy.get('#popup-alerts').should('be.visible').invoke('removeAttr', 'target').click();\ncy.url().should('include', 'Popup-Alerts');\ncy.reload();\ncy.get('#button4').click();\ncy.on('window:confirm', () => {\n  return false;\n});\ncy.get('#confirm-alert-text').contains('You pressed Cancel!');",
              "err": {},
              "uuid": "6f9ad307-611b-4671-b178-3ea394edd4c4",
              "parentUUID": "ee1e9e3d-7786-4f7f-b542-25347d6e2ff2",
              "isHook": false,
              "skipped": false
            },
            {
              "title": "Validate js confirm alert box using a stub",
              "fullTitle": "Handle js alerts Validate js confirm alert box using a stub",
              "timedOut": null,
              "duration": 280,
              "state": "passed",
              "speed": "fast",
              "pass": true,
              "fail": false,
              "pending": false,
              "context": null,
              "code": "cy.visit('http://www.webdriveruniversity.com/');\ncy.get('#popup-alerts').should('be.visible').invoke('removeAttr', 'target').click();\ncy.url().should('include', 'Popup-Alerts');\nconst stub = cy.stub();\ncy.on(\"window:confirm\", stub);\n// cy.get('#button4').click().then(() => {\n//     expect(stub.getCall(0)).to.be.calledWith('Press a button!')\n// }).then(() => {\n//     return true;\n// }).then(() => {\n//     cy.get('#confirm-alert-text').contains('You pressed OK!');\n// });\ncy.get('#button4').click().then(() => {\n  expect(stub.getCall(0)).to.be.calledWith('Press a button!');\n}).then(() => {}).then(() => {\n  cy.get('#confirm-alert-text').contains('You pressed OK!');\n}); //NOT WORKING FOR SOME REASON",
              "err": {},
              "uuid": "a8ec415e-b7a9-4536-88b5-8fecc0f3f931",
              "parentUUID": "ee1e9e3d-7786-4f7f-b542-25347d6e2ff2",
              "isHook": false,
              "skipped": false
            }
          ],
          "suites": [],
          "passes": [
            "6a33b6a3-2402-4258-ab0a-b6877724fc2d",
            "b6c028c9-4ebe-4c86-8ce5-7d4c4d7d8e1e",
            "6f9ad307-611b-4671-b178-3ea394edd4c4",
            "a8ec415e-b7a9-4536-88b5-8fecc0f3f931"
          ],
          "failures": [],
          "pending": [],
          "skipped": [],
          "duration": 1633,
          "root": false,
          "rootEmpty": false,
          "_timeout": 2000
        }
      ],
      "passes": [],
      "failures": [],
      "pending": [],
      "skipped": [],
      "duration": 0,
      "root": true,
      "rootEmpty": true,
      "_timeout": 2000
    }
  ],
  "meta": {
    "mocha": {
      "version": "7.0.1"
    },
    "mochawesome": {
      "options": {
        "quiet": false,
        "reportFilename": "mochawesome",
        "saveHtml": false,
        "saveJson": true,
        "consoleReporter": "spec",
        "useInlineDiffs": false,
        "code": true
      },
      "version": "7.1.3"
    },
    "marge": {
      "options": {
        "id": "default",
        "reportDir": "cypress/results/mochawesome",
        "quite": true,
        "overwrite": false,
        "html": false,
        "json": true
      },
      "version": "6.2.0"
    }
  }
}