{
  "stats": {
    "suites": 1,
    "tests": 2,
    "passes": 2,
    "pending": 0,
    "failures": 0,
    "start": "2023-02-20T12:24:51.593Z",
    "end": "2023-02-20T12:24:53.646Z",
    "duration": 2053,
    "testsRegistered": 2,
    "passPercent": 100,
    "pendingPercent": 0,
    "other": 0,
    "hasOther": false,
    "skipped": 0,
    "hasSkipped": false
  },
  "results": [
    {
      "uuid": "208df7b0-1ad0-411b-9f5b-ae3e934e5401",
      "title": "",
      "fullFile": "cypress\\e2e\\webdriver-uni\\upload.js",
      "file": "cypress\\e2e\\webdriver-uni\\upload.js",
      "beforeHooks": [],
      "afterHooks": [],
      "tests": [],
      "suites": [
        {
          "uuid": "a7584098-4da8-49fd-8e99-4de9826d3279",
          "title": "Test File upload via webdriveruni",
          "fullFile": "",
          "file": "",
          "beforeHooks": [],
          "afterHooks": [],
          "tests": [
            {
              "title": "Upload a file...",
              "fullTitle": "Test File upload via webdriveruni Upload a file...",
              "timedOut": null,
              "duration": 634,
              "state": "passed",
              "speed": "fast",
              "pass": true,
              "fail": false,
              "pending": false,
              "context": null,
              "code": "cy.get('#myFile').selectFile('cypress/fixtures/laptop.png');\ncy.get('#submit-button').click();",
              "err": {},
              "uuid": "a6b2faad-a57e-4fc5-bf83-3818faf16ee3",
              "parentUUID": "a7584098-4da8-49fd-8e99-4de9826d3279",
              "isHook": false,
              "skipped": false
            },
            {
              "title": "Upload no file...",
              "fullTitle": "Test File upload via webdriveruni Upload no file...",
              "timedOut": null,
              "duration": 711,
              "state": "passed",
              "speed": "fast",
              "pass": true,
              "fail": false,
              "pending": false,
              "context": null,
              "code": "cy.get('#submit-button').click();",
              "err": {},
              "uuid": "7944c48d-649d-4215-bc8f-b12c4abe9f04",
              "parentUUID": "a7584098-4da8-49fd-8e99-4de9826d3279",
              "isHook": false,
              "skipped": false
            }
          ],
          "suites": [],
          "passes": [
            "a6b2faad-a57e-4fc5-bf83-3818faf16ee3",
            "7944c48d-649d-4215-bc8f-b12c4abe9f04"
          ],
          "failures": [],
          "pending": [],
          "skipped": [],
          "duration": 1345,
          "root": false,
          "rootEmpty": false,
          "_timeout": 2000
        }
      ],
      "passes": [],
      "failures": [],
      "pending": [],
      "skipped": [],
      "duration": 0,
      "root": true,
      "rootEmpty": true,
      "_timeout": 2000
    }
  ],
  "meta": {
    "mocha": {
      "version": "7.0.1"
    },
    "mochawesome": {
      "options": {
        "quiet": false,
        "reportFilename": "mochawesome",
        "saveHtml": false,
        "saveJson": true,
        "consoleReporter": "spec",
        "useInlineDiffs": false,
        "code": true
      },
      "version": "7.1.3"
    },
    "marge": {
      "options": {
        "id": "default",
        "reportDir": "cypress/results/mochawesome",
        "quite": true,
        "overwrite": false,
        "html": false,
        "json": true
      },
      "version": "6.2.0"
    }
  }
}